
*** Running vivado
    with args -log HDMI_display.vds -m64 -product Vivado -mode batch -messageDb vivado.pb -notrace -source HDMI_display.tcl


****** Vivado v2018.3 (64-bit)
  **** SW Build 2405991 on Thu Dec  6 23:38:27 MST 2018
  **** IP Build 2404404 on Fri Dec  7 01:43:56 MST 2018
    ** Copyright 1986-2018 Xilinx, Inc. All Rights Reserved.

source HDMI_display.tcl -notrace
INFO: [IP_Flow 19-234] Refreshing IP repositories
INFO: [IP_Flow 19-1700] Loaded user IP repository 'e:/a_summer_xilinx/catmario_1/RGB2DVI_IP'.
INFO: [IP_Flow 19-2313] Loaded Vivado IP repository 'E:/Xilinx/Vivado/2018.3/data/ip'.
Command: synth_design -top HDMI_display -part xc7s15ftgb196-1
Starting synth_design
Attempting to get a license for feature 'Synthesis' and/or device 'xc7s15'
INFO: [Common 17-349] Got license for feature 'Synthesis' and/or device 'xc7s15'
INFO: Launching helper process for spawning children vivado processes
INFO: Helper process launched with PID 4092 
---------------------------------------------------------------------------------
Starting RTL Elaboration : Time (s): cpu = 00:00:03 ; elapsed = 00:00:03 . Memory (MB): peak = 470.836 ; gain = 103.637
---------------------------------------------------------------------------------
INFO: [Synth 8-6157] synthesizing module 'HDMI_display' [E:/a_summer_xilinx/catmario_1/catmario_1.srcs/sources_1/new/HDMI_display.v:23]
INFO: [Synth 8-6157] synthesizing module 'monster' [E:/a_summer_xilinx/catmario_1/catmario_1.srcs/sources_1/new/monster.v:23]
INFO: [Synth 8-6155] done synthesizing module 'monster' (1#1) [E:/a_summer_xilinx/catmario_1/catmario_1.srcs/sources_1/new/monster.v:23]
INFO: [Synth 8-6157] synthesizing module 'state' [E:/a_summer_xilinx/catmario_1/catmario_1.srcs/sources_1/new/state.v:23]
	Parameter PLAY bound to: 2'b00 
	Parameter FAIL bound to: 2'b01 
	Parameter WIN bound to: 2'b10 
INFO: [Synth 8-155] case statement is not full and has no default [E:/a_summer_xilinx/catmario_1/catmario_1.srcs/sources_1/new/state.v:53]
INFO: [Synth 8-6155] done synthesizing module 'state' (2#1) [E:/a_summer_xilinx/catmario_1/catmario_1.srcs/sources_1/new/state.v:23]
INFO: [Synth 8-6157] synthesizing module 'clk_wiz_0' [E:/a_summer_xilinx/catmario_1/catmario_1.runs/synth_1/.Xil/Vivado-11796-LAPTOP-SQODOUTU/realtime/clk_wiz_0_stub.v:5]
INFO: [Synth 8-6155] done synthesizing module 'clk_wiz_0' (3#1) [E:/a_summer_xilinx/catmario_1/catmario_1.runs/synth_1/.Xil/Vivado-11796-LAPTOP-SQODOUTU/realtime/clk_wiz_0_stub.v:5]
INFO: [Synth 8-6157] synthesizing module 'key2move' [E:/a_summer_xilinx/catmario_1/catmario_1.srcs/sources_1/new/key2move.v:23]
WARNING: [Synth 8-5788] Register down_reg in module key2move is has both Set and reset with same priority. This may cause simulation mismatches. Consider rewriting code  [E:/a_summer_xilinx/catmario_1/catmario_1.srcs/sources_1/new/key2move.v:392]
INFO: [Synth 8-6155] done synthesizing module 'key2move' (4#1) [E:/a_summer_xilinx/catmario_1/catmario_1.srcs/sources_1/new/key2move.v:23]
INFO: [Synth 8-6157] synthesizing module 'rgb2dvi_0' [E:/a_summer_xilinx/catmario_1/catmario_1.runs/synth_1/.Xil/Vivado-11796-LAPTOP-SQODOUTU/realtime/rgb2dvi_0_stub.v:6]
INFO: [Synth 8-6155] done synthesizing module 'rgb2dvi_0' (5#1) [E:/a_summer_xilinx/catmario_1/catmario_1.runs/synth_1/.Xil/Vivado-11796-LAPTOP-SQODOUTU/realtime/rgb2dvi_0_stub.v:6]
INFO: [Synth 8-6157] synthesizing module 'Driver_HDMI' [E:/a_summer_xilinx/catmario_1/catmario_1.srcs/sources_1/new/Driver_HDMI.v:26]
	Parameter H_ACTIVE_1280_720 bound to: 16'b0000010100000000 
	Parameter H_FP_1280_720 bound to: 16'b0000000001101110 
	Parameter H_SYNC_1280_720 bound to: 16'b0000000000101000 
	Parameter H_BP_1280_720 bound to: 16'b0000000011011100 
	Parameter V_ACTIVE_1280_720 bound to: 16'b0000001011010000 
	Parameter V_FP_1280_720 bound to: 16'b0000000000000101 
	Parameter V_SYNC_1280_720 bound to: 16'b0000000000000101 
	Parameter V_BP_1280_720 bound to: 16'b0000000000010100 
	Parameter H_TOTAL_1280_720 bound to: 16'b0000011001110010 
	Parameter V_TOTAL_1280_720 bound to: 16'b0000001011101110 
	Parameter H_ACTIVE_1920_1080 bound to: 16'b0000011110000000 
	Parameter H_FP_1920_1080 bound to: 16'b0000000001011000 
	Parameter H_SYNC_1920_1080 bound to: 16'b0000000000101100 
	Parameter H_BP_1920_1080 bound to: 16'b0000000010010100 
	Parameter V_ACTIVE_1920_1080 bound to: 16'b0000010000111000 
	Parameter V_FP_1920_1080 bound to: 16'b0000000000000100 
	Parameter V_SYNC_1920_1080 bound to: 16'b0000000000000101 
	Parameter V_BP_1920_1080 bound to: 16'b0000000000100100 
	Parameter H_TOTAL_1920_1080 bound to: 16'b0000100010011000 
	Parameter V_TOTAL_1920_1080 bound to: 16'b0000010001100101 
INFO: [Synth 8-6155] done synthesizing module 'Driver_HDMI' (6#1) [E:/a_summer_xilinx/catmario_1/catmario_1.srcs/sources_1/new/Driver_HDMI.v:26]
INFO: [Synth 8-6157] synthesizing module 'video' [E:/a_summer_xilinx/catmario_1/catmario_1.srcs/sources_1/new/video.v:24]
	Parameter PLAY bound to: 2'b00 
	Parameter FAIL bound to: 2'b01 
	Parameter WIN bound to: 2'b10 
WARNING: [Synth 8-567] referenced signal 'black_en' should be on the sensitivity list [E:/a_summer_xilinx/catmario_1/catmario_1.srcs/sources_1/new/video.v:139]
WARNING: [Synth 8-567] referenced signal 'brick_en' should be on the sensitivity list [E:/a_summer_xilinx/catmario_1/catmario_1.srcs/sources_1/new/video.v:139]
WARNING: [Synth 8-567] referenced signal 'unknown_en' should be on the sensitivity list [E:/a_summer_xilinx/catmario_1/catmario_1.srcs/sources_1/new/video.v:139]
WARNING: [Synth 8-567] referenced signal 'cat_en' should be on the sensitivity list [E:/a_summer_xilinx/catmario_1/catmario_1.srcs/sources_1/new/video.v:139]
WARNING: [Synth 8-567] referenced signal 'monster_en' should be on the sensitivity list [E:/a_summer_xilinx/catmario_1/catmario_1.srcs/sources_1/new/video.v:139]
INFO: [Synth 8-6157] synthesizing module 'unknown_dist_mem_gen_0' [E:/a_summer_xilinx/catmario_1/catmario_1.runs/synth_1/.Xil/Vivado-11796-LAPTOP-SQODOUTU/realtime/unknown_dist_mem_gen_0_stub.v:6]
INFO: [Synth 8-6155] done synthesizing module 'unknown_dist_mem_gen_0' (7#1) [E:/a_summer_xilinx/catmario_1/catmario_1.runs/synth_1/.Xil/Vivado-11796-LAPTOP-SQODOUTU/realtime/unknown_dist_mem_gen_0_stub.v:6]
INFO: [Synth 8-6157] synthesizing module 'brick_dist_mem_gen_0' [E:/a_summer_xilinx/catmario_1/catmario_1.runs/synth_1/.Xil/Vivado-11796-LAPTOP-SQODOUTU/realtime/brick_dist_mem_gen_0_stub.v:6]
INFO: [Synth 8-6155] done synthesizing module 'brick_dist_mem_gen_0' (8#1) [E:/a_summer_xilinx/catmario_1/catmario_1.runs/synth_1/.Xil/Vivado-11796-LAPTOP-SQODOUTU/realtime/brick_dist_mem_gen_0_stub.v:6]
INFO: [Synth 8-6157] synthesizing module 'hidden_dist_mem_gen_0' [E:/a_summer_xilinx/catmario_1/catmario_1.runs/synth_1/.Xil/Vivado-11796-LAPTOP-SQODOUTU/realtime/hidden_dist_mem_gen_0_stub.v:6]
INFO: [Synth 8-6155] done synthesizing module 'hidden_dist_mem_gen_0' (9#1) [E:/a_summer_xilinx/catmario_1/catmario_1.runs/synth_1/.Xil/Vivado-11796-LAPTOP-SQODOUTU/realtime/hidden_dist_mem_gen_0_stub.v:6]
INFO: [Synth 8-6157] synthesizing module 'win_dist_mem_gen_0' [E:/a_summer_xilinx/catmario_1/catmario_1.runs/synth_1/.Xil/Vivado-11796-LAPTOP-SQODOUTU/realtime/win_dist_mem_gen_0_stub.v:6]
INFO: [Synth 8-6155] done synthesizing module 'win_dist_mem_gen_0' (10#1) [E:/a_summer_xilinx/catmario_1/catmario_1.runs/synth_1/.Xil/Vivado-11796-LAPTOP-SQODOUTU/realtime/win_dist_mem_gen_0_stub.v:6]
INFO: [Synth 8-6157] synthesizing module 'fail_dist_mem_gen_0' [E:/a_summer_xilinx/catmario_1/catmario_1.runs/synth_1/.Xil/Vivado-11796-LAPTOP-SQODOUTU/realtime/fail_dist_mem_gen_0_stub.v:6]
INFO: [Synth 8-6155] done synthesizing module 'fail_dist_mem_gen_0' (11#1) [E:/a_summer_xilinx/catmario_1/catmario_1.runs/synth_1/.Xil/Vivado-11796-LAPTOP-SQODOUTU/realtime/fail_dist_mem_gen_0_stub.v:6]
INFO: [Synth 8-6157] synthesizing module 'catr_dist_mem_gen_0' [E:/a_summer_xilinx/catmario_1/catmario_1.runs/synth_1/.Xil/Vivado-11796-LAPTOP-SQODOUTU/realtime/catr_dist_mem_gen_0_stub.v:6]
INFO: [Synth 8-6155] done synthesizing module 'catr_dist_mem_gen_0' (12#1) [E:/a_summer_xilinx/catmario_1/catmario_1.runs/synth_1/.Xil/Vivado-11796-LAPTOP-SQODOUTU/realtime/catr_dist_mem_gen_0_stub.v:6]
INFO: [Synth 8-6157] synthesizing module 'catg_dist_mem_gen_0' [E:/a_summer_xilinx/catmario_1/catmario_1.runs/synth_1/.Xil/Vivado-11796-LAPTOP-SQODOUTU/realtime/catg_dist_mem_gen_0_stub.v:6]
INFO: [Synth 8-6155] done synthesizing module 'catg_dist_mem_gen_0' (13#1) [E:/a_summer_xilinx/catmario_1/catmario_1.runs/synth_1/.Xil/Vivado-11796-LAPTOP-SQODOUTU/realtime/catg_dist_mem_gen_0_stub.v:6]
INFO: [Synth 8-6157] synthesizing module 'catb_dist_mem_gen_0' [E:/a_summer_xilinx/catmario_1/catmario_1.runs/synth_1/.Xil/Vivado-11796-LAPTOP-SQODOUTU/realtime/catb_dist_mem_gen_0_stub.v:6]
INFO: [Synth 8-6155] done synthesizing module 'catb_dist_mem_gen_0' (14#1) [E:/a_summer_xilinx/catmario_1/catmario_1.runs/synth_1/.Xil/Vivado-11796-LAPTOP-SQODOUTU/realtime/catb_dist_mem_gen_0_stub.v:6]
INFO: [Synth 8-6157] synthesizing module 'monsterr_dist_mem_gen_0' [E:/a_summer_xilinx/catmario_1/catmario_1.runs/synth_1/.Xil/Vivado-11796-LAPTOP-SQODOUTU/realtime/monsterr_dist_mem_gen_0_stub.v:6]
INFO: [Synth 8-6155] done synthesizing module 'monsterr_dist_mem_gen_0' (15#1) [E:/a_summer_xilinx/catmario_1/catmario_1.runs/synth_1/.Xil/Vivado-11796-LAPTOP-SQODOUTU/realtime/monsterr_dist_mem_gen_0_stub.v:6]
INFO: [Synth 8-6157] synthesizing module 'monsterg_dist_mem_gen_0' [E:/a_summer_xilinx/catmario_1/catmario_1.runs/synth_1/.Xil/Vivado-11796-LAPTOP-SQODOUTU/realtime/monsterg_dist_mem_gen_0_stub.v:6]
INFO: [Synth 8-6155] done synthesizing module 'monsterg_dist_mem_gen_0' (16#1) [E:/a_summer_xilinx/catmario_1/catmario_1.runs/synth_1/.Xil/Vivado-11796-LAPTOP-SQODOUTU/realtime/monsterg_dist_mem_gen_0_stub.v:6]
INFO: [Synth 8-6157] synthesizing module 'monsterb_dist_mem_gen_0' [E:/a_summer_xilinx/catmario_1/catmario_1.runs/synth_1/.Xil/Vivado-11796-LAPTOP-SQODOUTU/realtime/monsterb_dist_mem_gen_0_stub.v:6]
INFO: [Synth 8-6155] done synthesizing module 'monsterb_dist_mem_gen_0' (17#1) [E:/a_summer_xilinx/catmario_1/catmario_1.runs/synth_1/.Xil/Vivado-11796-LAPTOP-SQODOUTU/realtime/monsterb_dist_mem_gen_0_stub.v:6]
INFO: [Synth 8-6155] done synthesizing module 'video' (18#1) [E:/a_summer_xilinx/catmario_1/catmario_1.srcs/sources_1/new/video.v:24]
INFO: [Synth 8-6155] done synthesizing module 'HDMI_display' (19#1) [E:/a_summer_xilinx/catmario_1/catmario_1.srcs/sources_1/new/HDMI_display.v:23]
WARNING: [Synth 8-3331] design video has unconnected port RGB_VDE
---------------------------------------------------------------------------------
Finished RTL Elaboration : Time (s): cpu = 00:00:04 ; elapsed = 00:00:04 . Memory (MB): peak = 527.340 ; gain = 160.141
---------------------------------------------------------------------------------

Report Check Netlist: 
+------+------------------+-------+---------+-------+------------------+
|      |Item              |Errors |Warnings |Status |Description       |
+------+------------------+-------+---------+-------+------------------+
|1     |multi_driven_nets |      0|        0|Passed |Multi driven nets |
+------+------------------+-------+---------+-------+------------------+
---------------------------------------------------------------------------------
Start Handling Custom Attributes
---------------------------------------------------------------------------------
---------------------------------------------------------------------------------
Finished Handling Custom Attributes : Time (s): cpu = 00:00:04 ; elapsed = 00:00:04 . Memory (MB): peak = 527.340 ; gain = 160.141
---------------------------------------------------------------------------------
---------------------------------------------------------------------------------
Finished RTL Optimization Phase 1 : Time (s): cpu = 00:00:04 ; elapsed = 00:00:04 . Memory (MB): peak = 527.340 ; gain = 160.141
---------------------------------------------------------------------------------
INFO: [Device 21-403] Loading part xc7s15ftgb196-1
INFO: [Project 1-570] Preparing netlist for logic optimization

Processing XDC Constraints
Initializing timing engine
Parsing XDC File [e:/a_summer_xilinx/catmario_1/catmario_1.srcs/sources_1/ip/unknown_dist_mem_gen_0/unknown_dist_mem_gen_0/unknown_dist_mem_gen_0_in_context.xdc] for cell 'video0/unknown_0'
Finished Parsing XDC File [e:/a_summer_xilinx/catmario_1/catmario_1.srcs/sources_1/ip/unknown_dist_mem_gen_0/unknown_dist_mem_gen_0/unknown_dist_mem_gen_0_in_context.xdc] for cell 'video0/unknown_0'
Parsing XDC File [e:/a_summer_xilinx/catmario_1/catmario_1.srcs/sources_1/ip/brick_dist_mem_gen_0/brick_dist_mem_gen_0/brick_dist_mem_gen_0_in_context.xdc] for cell 'video0/brick_0'
Finished Parsing XDC File [e:/a_summer_xilinx/catmario_1/catmario_1.srcs/sources_1/ip/brick_dist_mem_gen_0/brick_dist_mem_gen_0/brick_dist_mem_gen_0_in_context.xdc] for cell 'video0/brick_0'
Parsing XDC File [e:/a_summer_xilinx/catmario_1/catmario_1.srcs/sources_1/ip/catr_dist_mem_gen_0/catr_dist_mem_gen_0/catr_dist_mem_gen_0_in_context.xdc] for cell 'video0/cat_r_0'
Finished Parsing XDC File [e:/a_summer_xilinx/catmario_1/catmario_1.srcs/sources_1/ip/catr_dist_mem_gen_0/catr_dist_mem_gen_0/catr_dist_mem_gen_0_in_context.xdc] for cell 'video0/cat_r_0'
Parsing XDC File [e:/a_summer_xilinx/catmario_1/catmario_1.srcs/sources_1/ip/catg_dist_mem_gen_0/catg_dist_mem_gen_0/catg_dist_mem_gen_0_in_context.xdc] for cell 'video0/cat_g_0'
Finished Parsing XDC File [e:/a_summer_xilinx/catmario_1/catmario_1.srcs/sources_1/ip/catg_dist_mem_gen_0/catg_dist_mem_gen_0/catg_dist_mem_gen_0_in_context.xdc] for cell 'video0/cat_g_0'
Parsing XDC File [e:/a_summer_xilinx/catmario_1/catmario_1.srcs/sources_1/ip/catb_dist_mem_gen_0/catb_dist_mem_gen_0/catb_dist_mem_gen_0_in_context.xdc] for cell 'video0/cat_b_0'
Finished Parsing XDC File [e:/a_summer_xilinx/catmario_1/catmario_1.srcs/sources_1/ip/catb_dist_mem_gen_0/catb_dist_mem_gen_0/catb_dist_mem_gen_0_in_context.xdc] for cell 'video0/cat_b_0'
Parsing XDC File [e:/a_summer_xilinx/catmario_1/catmario_1.srcs/sources_1/ip/clk_wiz_0/clk_wiz_0/clk_wiz_0_in_context.xdc] for cell 'clk_10'
Finished Parsing XDC File [e:/a_summer_xilinx/catmario_1/catmario_1.srcs/sources_1/ip/clk_wiz_0/clk_wiz_0/clk_wiz_0_in_context.xdc] for cell 'clk_10'
Parsing XDC File [e:/a_summer_xilinx/catmario_1/catmario_1.srcs/sources_1/ip/rgb2dvi_0/rgb2dvi_0/rgb2dvi_0_in_context.xdc] for cell 'rgb2dvi'
Finished Parsing XDC File [e:/a_summer_xilinx/catmario_1/catmario_1.srcs/sources_1/ip/rgb2dvi_0/rgb2dvi_0/rgb2dvi_0_in_context.xdc] for cell 'rgb2dvi'
Parsing XDC File [e:/a_summer_xilinx/catmario_1/catmario_1.srcs/sources_1/ip/hidden_dist_mem_gen_0/hidden_dist_mem_gen_0/hidden_dist_mem_gen_0_in_context.xdc] for cell 'video0/hidden_0'
Finished Parsing XDC File [e:/a_summer_xilinx/catmario_1/catmario_1.srcs/sources_1/ip/hidden_dist_mem_gen_0/hidden_dist_mem_gen_0/hidden_dist_mem_gen_0_in_context.xdc] for cell 'video0/hidden_0'
Parsing XDC File [e:/a_summer_xilinx/catmario_1/catmario_1.srcs/sources_1/ip/win_dist_mem_gen_0/win_dist_mem_gen_0/win_dist_mem_gen_0_in_context.xdc] for cell 'video0/win_0'
Finished Parsing XDC File [e:/a_summer_xilinx/catmario_1/catmario_1.srcs/sources_1/ip/win_dist_mem_gen_0/win_dist_mem_gen_0/win_dist_mem_gen_0_in_context.xdc] for cell 'video0/win_0'
Parsing XDC File [e:/a_summer_xilinx/catmario_1/catmario_1.srcs/sources_1/ip/fail_dist_mem_gen_0/fail_dist_mem_gen_0/fail_dist_mem_gen_0_in_context.xdc] for cell 'video0/fail_0'
Finished Parsing XDC File [e:/a_summer_xilinx/catmario_1/catmario_1.srcs/sources_1/ip/fail_dist_mem_gen_0/fail_dist_mem_gen_0/fail_dist_mem_gen_0_in_context.xdc] for cell 'video0/fail_0'
Parsing XDC File [e:/a_summer_xilinx/catmario_1/catmario_1.srcs/sources_1/ip/monsterr_dist_mem_gen_0/monsterr_dist_mem_gen_0/monsterr_dist_mem_gen_0_in_context.xdc] for cell 'video0/monster_r_0'
Finished Parsing XDC File [e:/a_summer_xilinx/catmario_1/catmario_1.srcs/sources_1/ip/monsterr_dist_mem_gen_0/monsterr_dist_mem_gen_0/monsterr_dist_mem_gen_0_in_context.xdc] for cell 'video0/monster_r_0'
Parsing XDC File [e:/a_summer_xilinx/catmario_1/catmario_1.srcs/sources_1/ip/monsterg_dist_mem_gen_0/monsterg_dist_mem_gen_0/monsterg_dist_mem_gen_0_in_context.xdc] for cell 'video0/monster_g_0'
Finished Parsing XDC File [e:/a_summer_xilinx/catmario_1/catmario_1.srcs/sources_1/ip/monsterg_dist_mem_gen_0/monsterg_dist_mem_gen_0/monsterg_dist_mem_gen_0_in_context.xdc] for cell 'video0/monster_g_0'
Parsing XDC File [e:/a_summer_xilinx/catmario_1/catmario_1.srcs/sources_1/ip/monsterb_dist_mem_gen_0/monsterb_dist_mem_gen_0/monsterb_dist_mem_gen_0_in_context.xdc] for cell 'video0/monster_b_0'
Finished Parsing XDC File [e:/a_summer_xilinx/catmario_1/catmario_1.srcs/sources_1/ip/monsterb_dist_mem_gen_0/monsterb_dist_mem_gen_0/monsterb_dist_mem_gen_0_in_context.xdc] for cell 'video0/monster_b_0'
Parsing XDC File [E:/a_summer_xilinx/catmario_1/catmario_1.srcs/constrs_1/new/system.xdc]
Finished Parsing XDC File [E:/a_summer_xilinx/catmario_1/catmario_1.srcs/constrs_1/new/system.xdc]
INFO: [Project 1-236] Implementation specific constraints were found while reading constraint file [E:/a_summer_xilinx/catmario_1/catmario_1.srcs/constrs_1/new/system.xdc]. These constraints will be ignored for synthesis but will be used in implementation. Impacted constraints are listed in the file [.Xil/HDMI_display_propImpl.xdc].
Resolution: To avoid this warning, move constraints listed in [.Xil/HDMI_display_propImpl.xdc] to another XDC file and exclude this new file from synthesis with the used_in_synthesis property (File Properties dialog in GUI) and re-run elaboration/synthesis.
Netlist sorting complete. Time (s): cpu = 00:00:00 ; elapsed = 00:00:00 . Memory (MB): peak = 839.309 ; gain = 0.000
Completed Processing XDC Constraints

Netlist sorting complete. Time (s): cpu = 00:00:00 ; elapsed = 00:00:00.001 . Memory (MB): peak = 839.309 ; gain = 0.000
INFO: [Project 1-111] Unisim Transformation Summary:
No Unisim elements were transformed.

Netlist sorting complete. Time (s): cpu = 00:00:00 ; elapsed = 00:00:00 . Memory (MB): peak = 839.309 ; gain = 0.000
Constraint Validation Runtime : Time (s): cpu = 00:00:00 ; elapsed = 00:00:00.007 . Memory (MB): peak = 839.309 ; gain = 0.000
---------------------------------------------------------------------------------
Finished Constraint Validation : Time (s): cpu = 00:00:11 ; elapsed = 00:00:13 . Memory (MB): peak = 839.309 ; gain = 472.109
---------------------------------------------------------------------------------
---------------------------------------------------------------------------------
Start Loading Part and Timing Information
---------------------------------------------------------------------------------
Loading part: xc7s15ftgb196-1
---------------------------------------------------------------------------------
Finished Loading Part and Timing Information : Time (s): cpu = 00:00:11 ; elapsed = 00:00:13 . Memory (MB): peak = 839.309 ; gain = 472.109
---------------------------------------------------------------------------------
---------------------------------------------------------------------------------
Start Applying 'set_property' XDC Constraints
---------------------------------------------------------------------------------
Applied set_property IO_BUFFER_TYPE = NONE for clk_100MHz. (constraint file  e:/a_summer_xilinx/catmario_1/catmario_1.srcs/sources_1/ip/clk_wiz_0/clk_wiz_0/clk_wiz_0_in_context.xdc, line 3).
Applied set_property CLOCK_BUFFER_TYPE = NONE for clk_100MHz. (constraint file  e:/a_summer_xilinx/catmario_1/catmario_1.srcs/sources_1/ip/clk_wiz_0/clk_wiz_0/clk_wiz_0_in_context.xdc, line 4).
Applied set_property IO_BUFFER_TYPE = NONE for TMDS_Tx_Clk_N. (constraint file  e:/a_summer_xilinx/catmario_1/catmario_1.srcs/sources_1/ip/rgb2dvi_0/rgb2dvi_0/rgb2dvi_0_in_context.xdc, line 1).
Applied set_property CLOCK_BUFFER_TYPE = NONE for TMDS_Tx_Clk_N. (constraint file  e:/a_summer_xilinx/catmario_1/catmario_1.srcs/sources_1/ip/rgb2dvi_0/rgb2dvi_0/rgb2dvi_0_in_context.xdc, line 2).
Applied set_property IO_BUFFER_TYPE = NONE for TMDS_Tx_Clk_P. (constraint file  e:/a_summer_xilinx/catmario_1/catmario_1.srcs/sources_1/ip/rgb2dvi_0/rgb2dvi_0/rgb2dvi_0_in_context.xdc, line 3).
Applied set_property CLOCK_BUFFER_TYPE = NONE for TMDS_Tx_Clk_P. (constraint file  e:/a_summer_xilinx/catmario_1/catmario_1.srcs/sources_1/ip/rgb2dvi_0/rgb2dvi_0/rgb2dvi_0_in_context.xdc, line 4).
Applied set_property IO_BUFFER_TYPE = NONE for TMDS_Tx_Data_N[0]. (constraint file  e:/a_summer_xilinx/catmario_1/catmario_1.srcs/sources_1/ip/rgb2dvi_0/rgb2dvi_0/rgb2dvi_0_in_context.xdc, line 5).
Applied set_property CLOCK_BUFFER_TYPE = NONE for TMDS_Tx_Data_N[0]. (constraint file  e:/a_summer_xilinx/catmario_1/catmario_1.srcs/sources_1/ip/rgb2dvi_0/rgb2dvi_0/rgb2dvi_0_in_context.xdc, line 6).
Applied set_property IO_BUFFER_TYPE = NONE for TMDS_Tx_Data_N[1]. (constraint file  e:/a_summer_xilinx/catmario_1/catmario_1.srcs/sources_1/ip/rgb2dvi_0/rgb2dvi_0/rgb2dvi_0_in_context.xdc, line 7).
Applied set_property CLOCK_BUFFER_TYPE = NONE for TMDS_Tx_Data_N[1]. (constraint file  e:/a_summer_xilinx/catmario_1/catmario_1.srcs/sources_1/ip/rgb2dvi_0/rgb2dvi_0/rgb2dvi_0_in_context.xdc, line 8).
Applied set_property IO_BUFFER_TYPE = NONE for TMDS_Tx_Data_N[2]. (constraint file  e:/a_summer_xilinx/catmario_1/catmario_1.srcs/sources_1/ip/rgb2dvi_0/rgb2dvi_0/rgb2dvi_0_in_context.xdc, line 9).
Applied set_property CLOCK_BUFFER_TYPE = NONE for TMDS_Tx_Data_N[2]. (constraint file  e:/a_summer_xilinx/catmario_1/catmario_1.srcs/sources_1/ip/rgb2dvi_0/rgb2dvi_0/rgb2dvi_0_in_context.xdc, line 10).
Applied set_property IO_BUFFER_TYPE = NONE for TMDS_Tx_Data_P[0]. (constraint file  e:/a_summer_xilinx/catmario_1/catmario_1.srcs/sources_1/ip/rgb2dvi_0/rgb2dvi_0/rgb2dvi_0_in_context.xdc, line 11).
Applied set_property CLOCK_BUFFER_TYPE = NONE for TMDS_Tx_Data_P[0]. (constraint file  e:/a_summer_xilinx/catmario_1/catmario_1.srcs/sources_1/ip/rgb2dvi_0/rgb2dvi_0/rgb2dvi_0_in_context.xdc, line 12).
Applied set_property IO_BUFFER_TYPE = NONE for TMDS_Tx_Data_P[1]. (constraint file  e:/a_summer_xilinx/catmario_1/catmario_1.srcs/sources_1/ip/rgb2dvi_0/rgb2dvi_0/rgb2dvi_0_in_context.xdc, line 13).
Applied set_property CLOCK_BUFFER_TYPE = NONE for TMDS_Tx_Data_P[1]. (constraint file  e:/a_summer_xilinx/catmario_1/catmario_1.srcs/sources_1/ip/rgb2dvi_0/rgb2dvi_0/rgb2dvi_0_in_context.xdc, line 14).
Applied set_property IO_BUFFER_TYPE = NONE for TMDS_Tx_Data_P[2]. (constraint file  e:/a_summer_xilinx/catmario_1/catmario_1.srcs/sources_1/ip/rgb2dvi_0/rgb2dvi_0/rgb2dvi_0_in_context.xdc, line 15).
Applied set_property CLOCK_BUFFER_TYPE = NONE for TMDS_Tx_Data_P[2]. (constraint file  e:/a_summer_xilinx/catmario_1/catmario_1.srcs/sources_1/ip/rgb2dvi_0/rgb2dvi_0/rgb2dvi_0_in_context.xdc, line 16).
Applied set_property DONT_TOUCH = true for video0/unknown_0. (constraint file  auto generated constraint, line ).
Applied set_property DONT_TOUCH = true for video0/brick_0. (constraint file  auto generated constraint, line ).
Applied set_property DONT_TOUCH = true for video0/cat_r_0. (constraint file  auto generated constraint, line ).
Applied set_property DONT_TOUCH = true for video0/cat_g_0. (constraint file  auto generated constraint, line ).
Applied set_property DONT_TOUCH = true for video0/cat_b_0. (constraint file  auto generated constraint, line ).
Applied set_property DONT_TOUCH = true for clk_10. (constraint file  auto generated constraint, line ).
Applied set_property DONT_TOUCH = true for rgb2dvi. (constraint file  auto generated constraint, line ).
Applied set_property DONT_TOUCH = true for video0/hidden_0. (constraint file  auto generated constraint, line ).
Applied set_property DONT_TOUCH = true for video0/win_0. (constraint file  auto generated constraint, line ).
Applied set_property DONT_TOUCH = true for video0/fail_0. (constraint file  auto generated constraint, line ).
Applied set_property DONT_TOUCH = true for video0/monster_r_0. (constraint file  auto generated constraint, line ).
Applied set_property DONT_TOUCH = true for video0/monster_g_0. (constraint file  auto generated constraint, line ).
Applied set_property DONT_TOUCH = true for video0/monster_b_0. (constraint file  auto generated constraint, line ).
---------------------------------------------------------------------------------
Finished applying 'set_property' XDC Constraints : Time (s): cpu = 00:00:12 ; elapsed = 00:00:13 . Memory (MB): peak = 839.309 ; gain = 472.109
---------------------------------------------------------------------------------
INFO: [Synth 8-5545] ROM "cnt" won't be mapped to RAM because address size (32) is larger than maximum supported(25)
INFO: [Synth 8-802] inferred FSM for state register 'game_status_reg' in module 'state'
INFO: [Synth 8-5544] ROM "game_status" won't be mapped to Block RAM because address size (2) smaller than threshold (5)
INFO: [Synth 8-5544] ROM "left_en" won't be mapped to Block RAM because address size (2) smaller than threshold (5)
INFO: [Synth 8-5544] ROM "right_en" won't be mapped to Block RAM because address size (2) smaller than threshold (5)
INFO: [Synth 8-5544] ROM "jump_en" won't be mapped to Block RAM because address size (2) smaller than threshold (5)
INFO: [Synth 8-5545] ROM "cnt" won't be mapped to RAM because address size (32) is larger than maximum supported(25)
INFO: [Synth 8-5546] ROM "mem" won't be mapped to RAM because it is too sparse
INFO: [Synth 8-5546] ROM "mem" won't be mapped to RAM because it is too sparse
INFO: [Synth 8-5546] ROM "mem" won't be mapped to RAM because it is too sparse
WARNING: [Synth 8-6014] Unused sequential element mem_xy_reg_rep was removed.  [E:/a_summer_xilinx/catmario_1/catmario_1.srcs/sources_1/new/key2move.v:231]
INFO: [Synth 8-5544] ROM "brick_address" won't be mapped to Block RAM because address size (4) smaller than threshold (5)
INFO: [Synth 8-5544] ROM "unknown_address" won't be mapped to Block RAM because address size (4) smaller than threshold (5)
INFO: [Synth 8-5544] ROM "cat_address" won't be mapped to Block RAM because address size (4) smaller than threshold (5)
INFO: [Synth 8-5544] ROM "monster_address" won't be mapped to Block RAM because address size (4) smaller than threshold (5)
INFO: [Synth 8-5544] ROM "brick_address" won't be mapped to Block RAM because address size (4) smaller than threshold (5)
INFO: [Synth 8-5544] ROM "unknown_address" won't be mapped to Block RAM because address size (4) smaller than threshold (5)
INFO: [Synth 8-5544] ROM "cat_address" won't be mapped to Block RAM because address size (4) smaller than threshold (5)
INFO: [Synth 8-5544] ROM "monster_address" won't be mapped to Block RAM because address size (4) smaller than threshold (5)
---------------------------------------------------------------------------------------------------
                   State |                     New Encoding |                Previous Encoding 
---------------------------------------------------------------------------------------------------
                    PLAY |                               00 |                               00
                     WIN |                               01 |                               10
                    FAIL |                               10 |                               01
---------------------------------------------------------------------------------------------------
INFO: [Synth 8-3354] encoded FSM with state register 'game_status_reg' using encoding 'sequential' in module 'state'
---------------------------------------------------------------------------------
Finished RTL Optimization Phase 2 : Time (s): cpu = 00:00:13 ; elapsed = 00:00:14 . Memory (MB): peak = 839.309 ; gain = 472.109
---------------------------------------------------------------------------------

Report RTL Partitions: 
+-+--------------+------------+----------+
| |RTL Partition |Replication |Instances |
+-+--------------+------------+----------+
+-+--------------+------------+----------+
---------------------------------------------------------------------------------
Start RTL Component Statistics 
---------------------------------------------------------------------------------
Detailed RTL Component Info : 
+---Adders : 
	   2 Input     32 Bit       Adders := 7     
	   3 Input     32 Bit       Adders := 1     
	   3 Input     14 Bit       Adders := 4     
	   3 Input     13 Bit       Adders := 2     
	   2 Input     13 Bit       Adders := 2     
	   2 Input     12 Bit       Adders := 7     
	   3 Input     12 Bit       Adders := 3     
	   5 Input     12 Bit       Adders := 1     
	   3 Input     11 Bit       Adders := 1     
	   4 Input     11 Bit       Adders := 1     
	   2 Input     10 Bit       Adders := 3     
	   3 Input     10 Bit       Adders := 1     
	   2 Input      8 Bit       Adders := 1     
	   3 Input      7 Bit       Adders := 2     
	   2 Input      4 Bit       Adders := 2     
+---Registers : 
	               32 Bit    Registers := 2     
	               24 Bit    Registers := 1     
	               13 Bit    Registers := 2     
	               12 Bit    Registers := 6     
	               11 Bit    Registers := 1     
	               10 Bit    Registers := 3     
	                2 Bit    Registers := 3     
	                1 Bit    Registers := 13    
+---Muxes : 
	   2 Input     32 Bit        Muxes := 3     
	   2 Input     24 Bit        Muxes := 5     
	   3 Input     24 Bit        Muxes := 1     
	   2 Input     12 Bit        Muxes := 15    
	   7 Input     12 Bit        Muxes := 2     
	   2 Input     11 Bit        Muxes := 1     
	   2 Input      7 Bit        Muxes := 1     
	   2 Input      6 Bit        Muxes := 2     
	 646 Input      3 Bit        Muxes := 3     
	   6 Input      3 Bit        Muxes := 1     
	   3 Input      2 Bit        Muxes := 2     
	   2 Input      2 Bit        Muxes := 2     
	   2 Input      1 Bit        Muxes := 37    
	   3 Input      1 Bit        Muxes := 3     
	   7 Input      1 Bit        Muxes := 1     
	   5 Input      1 Bit        Muxes := 1     
	   8 Input      1 Bit        Muxes := 4     
---------------------------------------------------------------------------------
Finished RTL Component Statistics 
---------------------------------------------------------------------------------
---------------------------------------------------------------------------------
Start RTL Hierarchical Component Statistics 
---------------------------------------------------------------------------------
Hierarchical RTL Component report 
Module monster 
Detailed RTL Component Info : 
+---Adders : 
	   2 Input     32 Bit       Adders := 1     
	   2 Input     12 Bit       Adders := 2     
+---Registers : 
	               32 Bit    Registers := 1     
	               12 Bit    Registers := 1     
	                1 Bit    Registers := 1     
+---Muxes : 
	   2 Input     32 Bit        Muxes := 1     
	   2 Input     12 Bit        Muxes := 4     
	   2 Input      1 Bit        Muxes := 6     
Module state 
Detailed RTL Component Info : 
+---Muxes : 
	   3 Input      2 Bit        Muxes := 2     
	   2 Input      2 Bit        Muxes := 2     
	   3 Input      1 Bit        Muxes := 1     
Module key2move 
Detailed RTL Component Info : 
+---Adders : 
	   2 Input     32 Bit       Adders := 1     
	   3 Input     13 Bit       Adders := 1     
	   2 Input     12 Bit       Adders := 5     
	   3 Input     12 Bit       Adders := 2     
	   2 Input     10 Bit       Adders := 3     
+---Registers : 
	               32 Bit    Registers := 1     
	               12 Bit    Registers := 3     
	               10 Bit    Registers := 1     
	                2 Bit    Registers := 3     
	                1 Bit    Registers := 7     
+---Muxes : 
	   2 Input     32 Bit        Muxes := 2     
	   2 Input     12 Bit        Muxes := 10    
	   7 Input     12 Bit        Muxes := 2     
	 646 Input      3 Bit        Muxes := 3     
	   2 Input      1 Bit        Muxes := 26    
	   7 Input      1 Bit        Muxes := 1     
	   5 Input      1 Bit        Muxes := 1     
	   3 Input      1 Bit        Muxes := 1     
Module Driver_HDMI 
Detailed RTL Component Info : 
+---Adders : 
	   2 Input     32 Bit       Adders := 5     
	   3 Input     32 Bit       Adders := 1     
	   5 Input     12 Bit       Adders := 1     
	   3 Input     12 Bit       Adders := 1     
	   2 Input      8 Bit       Adders := 1     
	   3 Input      7 Bit       Adders := 2     
	   2 Input      4 Bit       Adders := 2     
+---Registers : 
	               12 Bit    Registers := 2     
	                1 Bit    Registers := 5     
+---Muxes : 
	   2 Input     12 Bit        Muxes := 1     
	   2 Input     11 Bit        Muxes := 1     
	   2 Input      7 Bit        Muxes := 1     
	   2 Input      6 Bit        Muxes := 2     
	   2 Input      1 Bit        Muxes := 4     
Module video 
Detailed RTL Component Info : 
+---Adders : 
	   3 Input     14 Bit       Adders := 4     
	   2 Input     13 Bit       Adders := 2     
	   3 Input     13 Bit       Adders := 1     
	   3 Input     11 Bit       Adders := 1     
	   4 Input     11 Bit       Adders := 1     
	   3 Input     10 Bit       Adders := 1     
+---Registers : 
	               24 Bit    Registers := 1     
	               13 Bit    Registers := 2     
	               11 Bit    Registers := 1     
	               10 Bit    Registers := 2     
+---Muxes : 
	   2 Input     24 Bit        Muxes := 5     
	   3 Input     24 Bit        Muxes := 1     
	   6 Input      3 Bit        Muxes := 1     
	   8 Input      1 Bit        Muxes := 4     
	   3 Input      1 Bit        Muxes := 1     
	   2 Input      1 Bit        Muxes := 1     
---------------------------------------------------------------------------------
Finished RTL Hierarchical Component Statistics
---------------------------------------------------------------------------------
---------------------------------------------------------------------------------
Start Part Resource Summary
---------------------------------------------------------------------------------
Part Resources:
DSPs: 20 (col length:20)
BRAMs: 20 (col length: RAMB18 20 RAMB36 10)
---------------------------------------------------------------------------------
Finished Part Resource Summary
---------------------------------------------------------------------------------
---------------------------------------------------------------------------------
Start Cross Boundary and Area Optimization
---------------------------------------------------------------------------------
Warning: Parallel synthesis criteria is not met 
INFO: [Synth 8-5545] ROM "cnt" won't be mapped to RAM because address size (32) is larger than maximum supported(25)
DSP Report: Generating DSP mem_xy1, operation Mode is: A*(B:0x2b).
DSP Report: operator mem_xy1 is absorbed into DSP mem_xy1.
DSP Report: Generating DSP mem_xy_reg, operation Mode is: PCIN+(A:0x0):B+(C:0xfffffffffff6).
DSP Report: register mem_xy_reg is absorbed into DSP mem_xy_reg.
DSP Report: operator mem_xy0 is absorbed into DSP mem_xy_reg.
WARNING: [Synth 8-3331] design video has unconnected port RGB_VDE
INFO: [Synth 8-3886] merging instance 'key2move0/cat_y0_reg[0]' (FDE) to 'key2move0/cat_y0_reg[1]'
INFO: [Synth 8-3886] merging instance 'key2move0/cat_y0_reg[1]' (FDE) to 'key2move0/cat_y0_reg[2]'
INFO: [Synth 8-3333] propagating constant 0 across sequential element (\key2move0/cat_y0_reg[2] )
---------------------------------------------------------------------------------
Finished Cross Boundary and Area Optimization : Time (s): cpu = 00:00:19 ; elapsed = 00:00:20 . Memory (MB): peak = 839.309 ; gain = 472.109
---------------------------------------------------------------------------------
---------------------------------------------------------------------------------
Start ROM, RAM, DSP and Shift Register Reporting
---------------------------------------------------------------------------------

DSP: Preliminary Mapping  Report (see note below)
+------------+-----------------------------------+--------+--------+--------+--------+--------+------+------+------+------+-------+------+------+
|Module Name | DSP Mapping                       | A Size | B Size | C Size | D Size | P Size | AREG | BREG | CREG | DREG | ADREG | MREG | PREG | 
+------------+-----------------------------------+--------+--------+--------+--------+--------+------+------+------+------+-------+------+------+
|key2move    | A*(B:0x2b)                        | 10     | 6      | -      | -      | 16     | 0    | 0    | -    | -    | -     | 0    | 0    | 
|key2move    | PCIN+(A:0x0):B+(C:0xfffffffffff6) | 30     | 7      | 5      | -      | -1     | 0    | 0    | 0    | -    | -     | 0    | 1    | 
+------------+-----------------------------------+--------+--------+--------+--------+--------+------+------+------+------+-------+------+------+

Note: The table above is a preliminary report that shows the DSPs inferred at the current stage of the synthesis flow. Some DSP may be reimplemented as non DSP primitives later in the synthesis flow. Multiple instantiated DSPs are reported only once.
---------------------------------------------------------------------------------
Finished ROM, RAM, DSP and Shift Register Reporting
---------------------------------------------------------------------------------

Report RTL Partitions: 
+-+--------------+------------+----------+
| |RTL Partition |Replication |Instances |
+-+--------------+------------+----------+
+-+--------------+------------+----------+
---------------------------------------------------------------------------------
Start Applying XDC Timing Constraints
---------------------------------------------------------------------------------
INFO: [Synth 8-5578] Moved timing constraint from pin 'clk_10/clk_out1' to pin 'clk_10/bbstub_clk_out1/O'
INFO: [Synth 8-5819] Moved 1 constraints on hierarchical pins to their respective driving/loading pins
---------------------------------------------------------------------------------
Finished Applying XDC Timing Constraints : Time (s): cpu = 00:00:32 ; elapsed = 00:00:33 . Memory (MB): peak = 874.703 ; gain = 507.504
---------------------------------------------------------------------------------
---------------------------------------------------------------------------------
Start Timing Optimization
---------------------------------------------------------------------------------
---------------------------------------------------------------------------------
Finished Timing Optimization : Time (s): cpu = 00:00:36 ; elapsed = 00:00:37 . Memory (MB): peak = 969.445 ; gain = 602.246
---------------------------------------------------------------------------------

Report RTL Partitions: 
+-+--------------+------------+----------+
| |RTL Partition |Replication |Instances |
+-+--------------+------------+----------+
+-+--------------+------------+----------+
---------------------------------------------------------------------------------
Start Technology Mapping
---------------------------------------------------------------------------------
---------------------------------------------------------------------------------
Finished Technology Mapping : Time (s): cpu = 00:00:37 ; elapsed = 00:00:38 . Memory (MB): peak = 970.453 ; gain = 603.254
---------------------------------------------------------------------------------

Report RTL Partitions: 
+-+--------------+------------+----------+
| |RTL Partition |Replication |Instances |
+-+--------------+------------+----------+
+-+--------------+------------+----------+
---------------------------------------------------------------------------------
Start IO Insertion
---------------------------------------------------------------------------------
---------------------------------------------------------------------------------
Start Flattening Before IO Insertion
---------------------------------------------------------------------------------
---------------------------------------------------------------------------------
Finished Flattening Before IO Insertion
---------------------------------------------------------------------------------
---------------------------------------------------------------------------------
Start Final Netlist Cleanup
---------------------------------------------------------------------------------
---------------------------------------------------------------------------------
Finished Final Netlist Cleanup
---------------------------------------------------------------------------------
---------------------------------------------------------------------------------
Finished IO Insertion : Time (s): cpu = 00:00:38 ; elapsed = 00:00:39 . Memory (MB): peak = 970.453 ; gain = 603.254
---------------------------------------------------------------------------------

Report Check Netlist: 
+------+------------------+-------+---------+-------+------------------+
|      |Item              |Errors |Warnings |Status |Description       |
+------+------------------+-------+---------+-------+------------------+
|1     |multi_driven_nets |      0|        0|Passed |Multi driven nets |
+------+------------------+-------+---------+-------+------------------+
---------------------------------------------------------------------------------
Start Renaming Generated Instances
---------------------------------------------------------------------------------
---------------------------------------------------------------------------------
Finished Renaming Generated Instances : Time (s): cpu = 00:00:38 ; elapsed = 00:00:39 . Memory (MB): peak = 970.453 ; gain = 603.254
---------------------------------------------------------------------------------

Report RTL Partitions: 
+-+--------------+------------+----------+
| |RTL Partition |Replication |Instances |
+-+--------------+------------+----------+
+-+--------------+------------+----------+
---------------------------------------------------------------------------------
Start Rebuilding User Hierarchy
---------------------------------------------------------------------------------
---------------------------------------------------------------------------------
Finished Rebuilding User Hierarchy : Time (s): cpu = 00:00:38 ; elapsed = 00:00:39 . Memory (MB): peak = 970.453 ; gain = 603.254
---------------------------------------------------------------------------------
---------------------------------------------------------------------------------
Start Renaming Generated Ports
---------------------------------------------------------------------------------
---------------------------------------------------------------------------------
Finished Renaming Generated Ports : Time (s): cpu = 00:00:38 ; elapsed = 00:00:39 . Memory (MB): peak = 970.453 ; gain = 603.254
---------------------------------------------------------------------------------
---------------------------------------------------------------------------------
Start Handling Custom Attributes
---------------------------------------------------------------------------------
---------------------------------------------------------------------------------
Finished Handling Custom Attributes : Time (s): cpu = 00:00:38 ; elapsed = 00:00:39 . Memory (MB): peak = 970.453 ; gain = 603.254
---------------------------------------------------------------------------------
---------------------------------------------------------------------------------
Start Renaming Generated Nets
---------------------------------------------------------------------------------
---------------------------------------------------------------------------------
Finished Renaming Generated Nets : Time (s): cpu = 00:00:38 ; elapsed = 00:00:39 . Memory (MB): peak = 970.453 ; gain = 603.254
---------------------------------------------------------------------------------
---------------------------------------------------------------------------------
Start Writing Synthesis Report
---------------------------------------------------------------------------------

Report BlackBoxes: 
+------+------------------------+----------+
|      |BlackBox name           |Instances |
+------+------------------------+----------+
|1     |clk_wiz_0               |         1|
|2     |rgb2dvi_0               |         1|
|3     |unknown_dist_mem_gen_0  |         1|
|4     |brick_dist_mem_gen_0    |         1|
|5     |hidden_dist_mem_gen_0   |         1|
|6     |win_dist_mem_gen_0      |         1|
|7     |fail_dist_mem_gen_0     |         1|
|8     |catr_dist_mem_gen_0     |         1|
|9     |catg_dist_mem_gen_0     |         1|
|10    |catb_dist_mem_gen_0     |         1|
|11    |monsterr_dist_mem_gen_0 |         1|
|12    |monsterg_dist_mem_gen_0 |         1|
|13    |monsterb_dist_mem_gen_0 |         1|
+------+------------------------+----------+

Report Cell Usage: 
+------+------------------------+------+
|      |Cell                    |Count |
+------+------------------------+------+
|1     |brick_dist_mem_gen_0    |     1|
|2     |catb_dist_mem_gen_0     |     1|
|3     |catg_dist_mem_gen_0     |     1|
|4     |catr_dist_mem_gen_0     |     1|
|5     |clk_wiz_0               |     1|
|6     |fail_dist_mem_gen_0     |     1|
|7     |hidden_dist_mem_gen_0   |     1|
|8     |monsterb_dist_mem_gen_0 |     1|
|9     |monsterg_dist_mem_gen_0 |     1|
|10    |monsterr_dist_mem_gen_0 |     1|
|11    |rgb2dvi_0               |     1|
|12    |unknown_dist_mem_gen_0  |     1|
|13    |win_dist_mem_gen_0      |     1|
|14    |CARRY4                  |   108|
|15    |DSP48E1                 |     1|
|16    |DSP48E1_1               |     1|
|17    |LUT1                    |    73|
|18    |LUT2                    |   245|
|19    |LUT3                    |    85|
|20    |LUT4                    |   128|
|21    |LUT5                    |    81|
|22    |LUT6                    |   270|
|23    |MUXF7                   |    40|
|24    |MUXF8                   |     4|
|25    |FDCE                    |   106|
|26    |FDPE                    |    11|
|27    |FDRE                    |   154|
|28    |IBUF                    |     4|
+------+------------------------+------+

Report Instance Areas: 
+------+---------------+------------+------+
|      |Instance       |Module      |Cells |
+------+---------------+------------+------+
|1     |top            |            |  1408|
|2     |  Driver_HDMI0 |Driver_HDMI |   341|
|3     |  key2move0    |key2move    |   553|
|4     |  monster0     |monster     |   222|
|5     |  state0       |state       |    33|
|6     |  video0       |video       |   246|
+------+---------------+------------+------+
---------------------------------------------------------------------------------
Finished Writing Synthesis Report : Time (s): cpu = 00:00:38 ; elapsed = 00:00:39 . Memory (MB): peak = 970.453 ; gain = 603.254
---------------------------------------------------------------------------------
Synthesis finished with 0 errors, 0 critical warnings and 2 warnings.
Synthesis Optimization Runtime : Time (s): cpu = 00:00:29 ; elapsed = 00:00:34 . Memory (MB): peak = 970.453 ; gain = 291.285
Synthesis Optimization Complete : Time (s): cpu = 00:00:38 ; elapsed = 00:00:40 . Memory (MB): peak = 970.453 ; gain = 603.254
INFO: [Project 1-571] Translating synthesized netlist
INFO: [Netlist 29-17] Analyzing 154 Unisim elements for replacement
INFO: [Netlist 29-28] Unisim Transformation completed in 0 CPU seconds
INFO: [Project 1-570] Preparing netlist for logic optimization
INFO: [Opt 31-138] Pushed 0 inverter(s) to 0 load pin(s).
Netlist sorting complete. Time (s): cpu = 00:00:00 ; elapsed = 00:00:00 . Memory (MB): peak = 970.453 ; gain = 0.000
INFO: [Project 1-111] Unisim Transformation Summary:
No Unisim elements were transformed.

INFO: [Common 17-83] Releasing license: Synthesis
79 Infos, 9 Warnings, 0 Critical Warnings and 0 Errors encountered.
synth_design completed successfully
synth_design: Time (s): cpu = 00:00:40 ; elapsed = 00:00:42 . Memory (MB): peak = 970.453 ; gain = 615.938
Netlist sorting complete. Time (s): cpu = 00:00:00 ; elapsed = 00:00:00 . Memory (MB): peak = 970.453 ; gain = 0.000
WARNING: [Constraints 18-5210] No constraints selected for write.
Resolution: This message can indicate that there are no constraints for the design, or it can indicate that the used_in flags are set such that the constraints are ignored. This later case is used when running synth_design to not write synthesis constraints to the resulting checkpoint. Instead, project constraints are read when the synthesized design is opened.
INFO: [Common 17-1381] The checkpoint 'E:/a_summer_xilinx/catmario_1/catmario_1.runs/synth_1/HDMI_display.dcp' has been generated.
INFO: [runtcl-4] Executing : report_utilization -file HDMI_display_utilization_synth.rpt -pb HDMI_display_utilization_synth.pb
INFO: [Common 17-206] Exiting Vivado at Sat Aug  1 11:28:30 2020...
