#-----------------------------------------------------------
# Vivado v2018.3 (64-bit)
# SW Build 2405991 on Thu Dec  6 23:38:27 MST 2018
# IP Build 2404404 on Fri Dec  7 01:43:56 MST 2018
# Start of session at: Thu Jul 30 12:37:19 2020
# Process ID: 8956
# Current directory: E:/a_summer_xilinx/catmario_1
# Command line: vivado.exe -gui_launcher_event rodinguilauncherevent10112 E:\a_summer_xilinx\catmario_1\catmario_1.xpr
# Log file: E:/a_summer_xilinx/catmario_1/vivado.log
# Journal file: E:/a_summer_xilinx/catmario_1\vivado.jou
#-----------------------------------------------------------
start_gui
open_project E:/a_summer_xilinx/catmario_1/catmario_1.xpr
Scanning sources...
Finished scanning sources
INFO: [IP_Flow 19-234] Refreshing IP repositories
INFO: [IP_Flow 19-1700] Loaded user IP repository 'e:/a_summer_xilinx/catmario_1/RGB2DVI_IP'.
INFO: [IP_Flow 19-2313] Loaded Vivado IP repository 'E:/Xilinx/Vivado/2018.3/data/ip'.
open_project: Time (s): cpu = 00:00:18 ; elapsed = 00:00:10 . Memory (MB): peak = 791.043 ; gain = 212.145
update_compile_order -fileset sources_1
create_ip -name dist_mem_gen -vendor xilinx.com -library ip -version 8.0 -module_name hidden_dist_mem_gen_0 -dir e:/a_summer_xilinx/catmario_1/catmario_1.srcs/sources_1/ip
set_property -dict [list CONFIG.depth {1024} CONFIG.data_width {8} CONFIG.Component_Name {hidden_dist_mem_gen_0} CONFIG.memory_type {rom} CONFIG.coefficient_file {E:/a_summer_xilinx/catmario_1/baw_hidden_Picture_R_Rom.coe}] [get_ips hidden_dist_mem_gen_0]
WARNING: [Vivado 12-3523] Attempt to change 'Component_Name' from 'hidden_dist_mem_gen_0' to 'hidden_dist_mem_gen_0' is not allowed and is ignored.
INFO: [IP_Flow 19-3484] Absolute path of file 'e:/a_summer_xilinx/catmario_1/baw_hidden_Picture_R_Rom.coe' provided. It will be converted relative to IP Instance files '../../../../baw_hidden_Picture_R_Rom.coe'
generate_target {instantiation_template} [get_files e:/a_summer_xilinx/catmario_1/catmario_1.srcs/sources_1/ip/hidden_dist_mem_gen_0/hidden_dist_mem_gen_0.xci]
INFO: [IP_Flow 19-1686] Generating 'Instantiation Template' target for IP 'hidden_dist_mem_gen_0'...
update_compile_order -fileset sources_1
generate_target all [get_files  e:/a_summer_xilinx/catmario_1/catmario_1.srcs/sources_1/ip/hidden_dist_mem_gen_0/hidden_dist_mem_gen_0.xci]
INFO: [IP_Flow 19-1686] Generating 'Synthesis' target for IP 'hidden_dist_mem_gen_0'...
INFO: [IP_Flow 19-1686] Generating 'Simulation' target for IP 'hidden_dist_mem_gen_0'...
INFO: [IP_Flow 19-1686] Generating 'Change Log' target for IP 'hidden_dist_mem_gen_0'...
catch { config_ip_cache -export [get_ips -all hidden_dist_mem_gen_0] }
export_ip_user_files -of_objects [get_files e:/a_summer_xilinx/catmario_1/catmario_1.srcs/sources_1/ip/hidden_dist_mem_gen_0/hidden_dist_mem_gen_0.xci] -no_script -sync -force -quiet
create_ip_run [get_files -of_objects [get_fileset sources_1] e:/a_summer_xilinx/catmario_1/catmario_1.srcs/sources_1/ip/hidden_dist_mem_gen_0/hidden_dist_mem_gen_0.xci]
launch_runs -jobs 4 hidden_dist_mem_gen_0_synth_1
[Thu Jul 30 13:05:03 2020] Launched hidden_dist_mem_gen_0_synth_1...
Run output will be captured here: E:/a_summer_xilinx/catmario_1/catmario_1.runs/hidden_dist_mem_gen_0_synth_1/runme.log
export_simulation -of_objects [get_files e:/a_summer_xilinx/catmario_1/catmario_1.srcs/sources_1/ip/hidden_dist_mem_gen_0/hidden_dist_mem_gen_0.xci] -directory E:/a_summer_xilinx/catmario_1/catmario_1.ip_user_files/sim_scripts -ip_user_files_dir E:/a_summer_xilinx/catmario_1/catmario_1.ip_user_files -ipstatic_source_dir E:/a_summer_xilinx/catmario_1/catmario_1.ip_user_files/ipstatic -lib_map_path [list {modelsim=E:/a_summer_xilinx/catmario_1/catmario_1.cache/compile_simlib/modelsim} {questa=E:/a_summer_xilinx/catmario_1/catmario_1.cache/compile_simlib/questa} {riviera=E:/a_summer_xilinx/catmario_1/catmario_1.cache/compile_simlib/riviera} {activehdl=E:/a_summer_xilinx/catmario_1/catmario_1.cache/compile_simlib/activehdl}] -use_ip_compiled_libs -force -quiet
create_ip -name dist_mem_gen -vendor xilinx.com -library ip -version 8.0 -module_name win_dist_mem_gen_0 -dir e:/a_summer_xilinx/catmario_1/catmario_1.srcs/sources_1/ip
set_property -dict [list CONFIG.depth {8192} CONFIG.data_width {8} CONFIG.Component_Name {win_dist_mem_gen_0} CONFIG.memory_type {rom} CONFIG.coefficient_file {E:/a_summer_xilinx/catmario_1/baw_win_Picture_R_Rom.coe}] [get_ips win_dist_mem_gen_0]
WARNING: [Vivado 12-3523] Attempt to change 'Component_Name' from 'win_dist_mem_gen_0' to 'win_dist_mem_gen_0' is not allowed and is ignored.
INFO: [IP_Flow 19-3484] Absolute path of file 'e:/a_summer_xilinx/catmario_1/baw_win_Picture_R_Rom.coe' provided. It will be converted relative to IP Instance files '../../../../baw_win_Picture_R_Rom.coe'
generate_target {instantiation_template} [get_files e:/a_summer_xilinx/catmario_1/catmario_1.srcs/sources_1/ip/win_dist_mem_gen_0/win_dist_mem_gen_0.xci]
INFO: [IP_Flow 19-1686] Generating 'Instantiation Template' target for IP 'win_dist_mem_gen_0'...
update_compile_order -fileset sources_1
generate_target all [get_files  e:/a_summer_xilinx/catmario_1/catmario_1.srcs/sources_1/ip/win_dist_mem_gen_0/win_dist_mem_gen_0.xci]
INFO: [IP_Flow 19-1686] Generating 'Synthesis' target for IP 'win_dist_mem_gen_0'...
INFO: [IP_Flow 19-1686] Generating 'Simulation' target for IP 'win_dist_mem_gen_0'...
INFO: [IP_Flow 19-1686] Generating 'Change Log' target for IP 'win_dist_mem_gen_0'...
catch { config_ip_cache -export [get_ips -all win_dist_mem_gen_0] }
export_ip_user_files -of_objects [get_files e:/a_summer_xilinx/catmario_1/catmario_1.srcs/sources_1/ip/win_dist_mem_gen_0/win_dist_mem_gen_0.xci] -no_script -sync -force -quiet
create_ip_run [get_files -of_objects [get_fileset sources_1] e:/a_summer_xilinx/catmario_1/catmario_1.srcs/sources_1/ip/win_dist_mem_gen_0/win_dist_mem_gen_0.xci]
launch_runs -jobs 4 win_dist_mem_gen_0_synth_1
[Thu Jul 30 13:06:28 2020] Launched win_dist_mem_gen_0_synth_1...
Run output will be captured here: E:/a_summer_xilinx/catmario_1/catmario_1.runs/win_dist_mem_gen_0_synth_1/runme.log
export_simulation -of_objects [get_files e:/a_summer_xilinx/catmario_1/catmario_1.srcs/sources_1/ip/win_dist_mem_gen_0/win_dist_mem_gen_0.xci] -directory E:/a_summer_xilinx/catmario_1/catmario_1.ip_user_files/sim_scripts -ip_user_files_dir E:/a_summer_xilinx/catmario_1/catmario_1.ip_user_files -ipstatic_source_dir E:/a_summer_xilinx/catmario_1/catmario_1.ip_user_files/ipstatic -lib_map_path [list {modelsim=E:/a_summer_xilinx/catmario_1/catmario_1.cache/compile_simlib/modelsim} {questa=E:/a_summer_xilinx/catmario_1/catmario_1.cache/compile_simlib/questa} {riviera=E:/a_summer_xilinx/catmario_1/catmario_1.cache/compile_simlib/riviera} {activehdl=E:/a_summer_xilinx/catmario_1/catmario_1.cache/compile_simlib/activehdl}] -use_ip_compiled_libs -force -quiet
create_ip -name dist_mem_gen -vendor xilinx.com -library ip -version 8.0 -module_name fail_dist_mem_gen_0 -dir e:/a_summer_xilinx/catmario_1/catmario_1.srcs/sources_1/ip
set_property -dict [list CONFIG.depth {8192} CONFIG.data_width {8} CONFIG.Component_Name {fail_dist_mem_gen_0} CONFIG.memory_type {rom} CONFIG.coefficient_file {E:/a_summer_xilinx/catmario_1/baw_fail_Picture_R_Rom.coe}] [get_ips fail_dist_mem_gen_0]
WARNING: [Vivado 12-3523] Attempt to change 'Component_Name' from 'fail_dist_mem_gen_0' to 'fail_dist_mem_gen_0' is not allowed and is ignored.
INFO: [IP_Flow 19-3484] Absolute path of file 'e:/a_summer_xilinx/catmario_1/baw_fail_Picture_R_Rom.coe' provided. It will be converted relative to IP Instance files '../../../../baw_fail_Picture_R_Rom.coe'
generate_target {instantiation_template} [get_files e:/a_summer_xilinx/catmario_1/catmario_1.srcs/sources_1/ip/fail_dist_mem_gen_0/fail_dist_mem_gen_0.xci]
INFO: [IP_Flow 19-1686] Generating 'Instantiation Template' target for IP 'fail_dist_mem_gen_0'...
update_compile_order -fileset sources_1
generate_target all [get_files  e:/a_summer_xilinx/catmario_1/catmario_1.srcs/sources_1/ip/fail_dist_mem_gen_0/fail_dist_mem_gen_0.xci]
INFO: [IP_Flow 19-1686] Generating 'Synthesis' target for IP 'fail_dist_mem_gen_0'...
INFO: [IP_Flow 19-1686] Generating 'Simulation' target for IP 'fail_dist_mem_gen_0'...
INFO: [IP_Flow 19-1686] Generating 'Change Log' target for IP 'fail_dist_mem_gen_0'...
generate_target: Time (s): cpu = 00:00:05 ; elapsed = 00:00:05 . Memory (MB): peak = 1185.543 ; gain = 0.000
catch { config_ip_cache -export [get_ips -all fail_dist_mem_gen_0] }
export_ip_user_files -of_objects [get_files e:/a_summer_xilinx/catmario_1/catmario_1.srcs/sources_1/ip/fail_dist_mem_gen_0/fail_dist_mem_gen_0.xci] -no_script -sync -force -quiet
create_ip_run [get_files -of_objects [get_fileset sources_1] e:/a_summer_xilinx/catmario_1/catmario_1.srcs/sources_1/ip/fail_dist_mem_gen_0/fail_dist_mem_gen_0.xci]
launch_runs -jobs 4 fail_dist_mem_gen_0_synth_1
[Thu Jul 30 13:07:47 2020] Launched fail_dist_mem_gen_0_synth_1...
Run output will be captured here: E:/a_summer_xilinx/catmario_1/catmario_1.runs/fail_dist_mem_gen_0_synth_1/runme.log
export_simulation -of_objects [get_files e:/a_summer_xilinx/catmario_1/catmario_1.srcs/sources_1/ip/fail_dist_mem_gen_0/fail_dist_mem_gen_0.xci] -directory E:/a_summer_xilinx/catmario_1/catmario_1.ip_user_files/sim_scripts -ip_user_files_dir E:/a_summer_xilinx/catmario_1/catmario_1.ip_user_files -ipstatic_source_dir E:/a_summer_xilinx/catmario_1/catmario_1.ip_user_files/ipstatic -lib_map_path [list {modelsim=E:/a_summer_xilinx/catmario_1/catmario_1.cache/compile_simlib/modelsim} {questa=E:/a_summer_xilinx/catmario_1/catmario_1.cache/compile_simlib/questa} {riviera=E:/a_summer_xilinx/catmario_1/catmario_1.cache/compile_simlib/riviera} {activehdl=E:/a_summer_xilinx/catmario_1/catmario_1.cache/compile_simlib/activehdl}] -use_ip_compiled_libs -force -quiet
update_compile_order -fileset sources_1
reorder_files -fileset constrs_1 -before E:/a_summer_xilinx/catmario_1/catmario_1.srcs/constrs_1/new/system.xdc E:/a_summer_xilinx/catmario_1/catmario_1.srcs/constrs_1/new/system.xdc
reset_run synth_1
launch_runs synth_1 -jobs 4
[Thu Jul 30 13:32:47 2020] Launched synth_1...
Run output will be captured here: E:/a_summer_xilinx/catmario_1/catmario_1.runs/synth_1/runme.log
launch_runs impl_1 -jobs 4
[Thu Jul 30 13:33:42 2020] Launched impl_1...
Run output will be captured here: E:/a_summer_xilinx/catmario_1/catmario_1.runs/impl_1/runme.log
launch_runs impl_1 -to_step write_bitstream -jobs 4
[Thu Jul 30 13:35:22 2020] Launched impl_1...
Run output will be captured here: E:/a_summer_xilinx/catmario_1/catmario_1.runs/impl_1/runme.log
open_hw
connect_hw_server
INFO: [Labtools 27-2285] Connecting to hw_server url TCP:localhost:3121
INFO: [Labtools 27-2222] Launching hw_server...
INFO: [Labtools 27-2221] Launch Output:

****** Xilinx hw_server v2018.3
  **** Build date : Dec  7 2018-00:40:27
    ** Copyright 1986-2018 Xilinx, Inc. All Rights Reserved.


open_hw_target
INFO: [Labtoolstcl 44-466] Opening hw_target localhost:3121/xilinx_tcf/Digilent/210512180081
set_property PROGRAM.FILE {E:/a_summer_xilinx/catmario_1/catmario_1.runs/impl_1/HDMI_display.bit} [get_hw_devices xc7s15_0]
current_hw_device [get_hw_devices xc7s15_0]
refresh_hw_device -update_hw_probes false [lindex [get_hw_devices xc7s15_0] 0]
INFO: [Labtools 27-1435] Device xc7s15 (JTAG device index = 0) is not programmed (DONE status = 0).
set_property PROBES.FILE {} [get_hw_devices xc7s15_0]
set_property FULL_PROBES.FILE {} [get_hw_devices xc7s15_0]
set_property PROGRAM.FILE {E:/a_summer_xilinx/catmario_1/catmario_1.runs/impl_1/HDMI_display.bit} [get_hw_devices xc7s15_0]
program_hw_devices [get_hw_devices xc7s15_0]
INFO: [Labtools 27-3164] End of startup status: HIGH
refresh_hw_device [lindex [get_hw_devices xc7s15_0] 0]
INFO: [Labtools 27-1434] Device xc7s15 (JTAG device index = 0) is programmed with a design that has no supported debug core(s) in it.
ERROR: [Labtoolstcl 44-513] HW Target shutdown. Closing target: localhost:3121/xilinx_tcf/Digilent/210512180081
close_hw
reset_run synth_1
launch_runs impl_1 -jobs 4
[Thu Jul 30 14:32:13 2020] Launched synth_1...
Run output will be captured here: E:/a_summer_xilinx/catmario_1/catmario_1.runs/synth_1/runme.log
[Thu Jul 30 14:32:13 2020] Launched impl_1...
Run output will be captured here: E:/a_summer_xilinx/catmario_1/catmario_1.runs/impl_1/runme.log
launch_runs impl_1 -to_step write_bitstream -jobs 4
[Thu Jul 30 14:34:47 2020] Launched impl_1...
Run output will be captured here: E:/a_summer_xilinx/catmario_1/catmario_1.runs/impl_1/runme.log
open_hw
connect_hw_server
INFO: [Labtools 27-2285] Connecting to hw_server url TCP:localhost:3121
INFO: [Labtools 27-2222] Launching hw_server...
INFO: [Labtools 27-2221] Launch Output:

****** Xilinx hw_server v2018.3
  **** Build date : Dec  7 2018-00:40:27
    ** Copyright 1986-2018 Xilinx, Inc. All Rights Reserved.


open_hw_target
INFO: [Labtoolstcl 44-466] Opening hw_target localhost:3121/xilinx_tcf/Digilent/210512180081
set_property PROGRAM.FILE {E:/a_summer_xilinx/catmario_1/catmario_1.runs/impl_1/HDMI_display.bit} [get_hw_devices xc7s15_0]
current_hw_device [get_hw_devices xc7s15_0]
refresh_hw_device -update_hw_probes false [lindex [get_hw_devices xc7s15_0] 0]
INFO: [Labtools 27-1435] Device xc7s15 (JTAG device index = 0) is not programmed (DONE status = 0).
set_property PROBES.FILE {} [get_hw_devices xc7s15_0]
set_property FULL_PROBES.FILE {} [get_hw_devices xc7s15_0]
set_property PROGRAM.FILE {E:/a_summer_xilinx/catmario_1/catmario_1.runs/impl_1/HDMI_display.bit} [get_hw_devices xc7s15_0]
program_hw_devices [get_hw_devices xc7s15_0]
INFO: [Labtools 27-3164] End of startup status: HIGH
refresh_hw_device [lindex [get_hw_devices xc7s15_0] 0]
INFO: [Labtools 27-1434] Device xc7s15 (JTAG device index = 0) is programmed with a design that has no supported debug core(s) in it.
close_hw
reset_run synth_1
launch_runs synth_1 -jobs 4
[Thu Jul 30 14:46:10 2020] Launched synth_1...
Run output will be captured here: E:/a_summer_xilinx/catmario_1/catmario_1.runs/synth_1/runme.log
launch_runs impl_1 -jobs 4
[Thu Jul 30 14:48:06 2020] Launched impl_1...
Run output will be captured here: E:/a_summer_xilinx/catmario_1/catmario_1.runs/impl_1/runme.log
launch_runs impl_1 -to_step write_bitstream -jobs 4
[Thu Jul 30 14:50:35 2020] Launched impl_1...
Run output will be captured here: E:/a_summer_xilinx/catmario_1/catmario_1.runs/impl_1/runme.log
open_hw
connect_hw_server
INFO: [Labtools 27-2285] Connecting to hw_server url TCP:localhost:3121
INFO: [Labtools 27-2222] Launching hw_server...
INFO: [Labtools 27-2221] Launch Output:

****** Xilinx hw_server v2018.3
  **** Build date : Dec  7 2018-00:40:27
    ** Copyright 1986-2018 Xilinx, Inc. All Rights Reserved.


open_hw_target
INFO: [Labtoolstcl 44-466] Opening hw_target localhost:3121/xilinx_tcf/Digilent/210512180081
set_property PROGRAM.FILE {E:/a_summer_xilinx/catmario_1/catmario_1.runs/impl_1/HDMI_display.bit} [get_hw_devices xc7s15_0]
current_hw_device [get_hw_devices xc7s15_0]
refresh_hw_device -update_hw_probes false [lindex [get_hw_devices xc7s15_0] 0]
INFO: [Labtools 27-1435] Device xc7s15 (JTAG device index = 0) is not programmed (DONE status = 0).
set_property PROBES.FILE {} [get_hw_devices xc7s15_0]
set_property FULL_PROBES.FILE {} [get_hw_devices xc7s15_0]
set_property PROGRAM.FILE {E:/a_summer_xilinx/catmario_1/catmario_1.runs/impl_1/HDMI_display.bit} [get_hw_devices xc7s15_0]
program_hw_devices [get_hw_devices xc7s15_0]
INFO: [Labtools 27-3164] End of startup status: HIGH
refresh_hw_device [lindex [get_hw_devices xc7s15_0] 0]
INFO: [Labtools 27-1434] Device xc7s15 (JTAG device index = 0) is programmed with a design that has no supported debug core(s) in it.
close_hw
reset_run synth_1
launch_runs impl_1 -jobs 4
[Thu Jul 30 15:16:53 2020] Launched synth_1...
Run output will be captured here: E:/a_summer_xilinx/catmario_1/catmario_1.runs/synth_1/runme.log
[Thu Jul 30 15:16:53 2020] Launched impl_1...
Run output will be captured here: E:/a_summer_xilinx/catmario_1/catmario_1.runs/impl_1/runme.log
launch_runs impl_1 -to_step write_bitstream -jobs 4
[Thu Jul 30 15:20:08 2020] Launched impl_1...
Run output will be captured here: E:/a_summer_xilinx/catmario_1/catmario_1.runs/impl_1/runme.log
open_hw
connect_hw_server
INFO: [Labtools 27-2285] Connecting to hw_server url TCP:localhost:3121
INFO: [Labtools 27-2222] Launching hw_server...
INFO: [Labtools 27-2221] Launch Output:

****** Xilinx hw_server v2018.3
  **** Build date : Dec  7 2018-00:40:27
    ** Copyright 1986-2018 Xilinx, Inc. All Rights Reserved.


open_hw_target
INFO: [Labtoolstcl 44-466] Opening hw_target localhost:3121/xilinx_tcf/Digilent/210512180081
set_property PROGRAM.FILE {E:/a_summer_xilinx/catmario_1/catmario_1.runs/impl_1/HDMI_display.bit} [get_hw_devices xc7s15_0]
current_hw_device [get_hw_devices xc7s15_0]
refresh_hw_device -update_hw_probes false [lindex [get_hw_devices xc7s15_0] 0]
INFO: [Labtools 27-1435] Device xc7s15 (JTAG device index = 0) is not programmed (DONE status = 0).
set_property PROBES.FILE {} [get_hw_devices xc7s15_0]
set_property FULL_PROBES.FILE {} [get_hw_devices xc7s15_0]
set_property PROGRAM.FILE {E:/a_summer_xilinx/catmario_1/catmario_1.runs/impl_1/HDMI_display.bit} [get_hw_devices xc7s15_0]
program_hw_devices [get_hw_devices xc7s15_0]
INFO: [Labtools 27-3164] End of startup status: HIGH
refresh_hw_device [lindex [get_hw_devices xc7s15_0] 0]
INFO: [Labtools 27-1434] Device xc7s15 (JTAG device index = 0) is programmed with a design that has no supported debug core(s) in it.
close_hw
reset_run synth_1
launch_runs impl_1 -jobs 4
[Thu Jul 30 15:29:45 2020] Launched synth_1...
Run output will be captured here: E:/a_summer_xilinx/catmario_1/catmario_1.runs/synth_1/runme.log
[Thu Jul 30 15:29:45 2020] Launched impl_1...
Run output will be captured here: E:/a_summer_xilinx/catmario_1/catmario_1.runs/impl_1/runme.log
launch_runs impl_1 -to_step write_bitstream -jobs 4
[Thu Jul 30 15:32:13 2020] Launched impl_1...
Run output will be captured here: E:/a_summer_xilinx/catmario_1/catmario_1.runs/impl_1/runme.log
open_hw
connect_hw_server
INFO: [Labtools 27-2285] Connecting to hw_server url TCP:localhost:3121
INFO: [Labtools 27-2222] Launching hw_server...
INFO: [Labtools 27-2221] Launch Output:

****** Xilinx hw_server v2018.3
  **** Build date : Dec  7 2018-00:40:27
    ** Copyright 1986-2018 Xilinx, Inc. All Rights Reserved.


open_hw_target
INFO: [Labtoolstcl 44-466] Opening hw_target localhost:3121/xilinx_tcf/Digilent/210512180081
set_property PROGRAM.FILE {E:/a_summer_xilinx/catmario_1/catmario_1.runs/impl_1/HDMI_display.bit} [get_hw_devices xc7s15_0]
current_hw_device [get_hw_devices xc7s15_0]
refresh_hw_device -update_hw_probes false [lindex [get_hw_devices xc7s15_0] 0]
INFO: [Labtools 27-1435] Device xc7s15 (JTAG device index = 0) is not programmed (DONE status = 0).
set_property PROBES.FILE {} [get_hw_devices xc7s15_0]
set_property FULL_PROBES.FILE {} [get_hw_devices xc7s15_0]
set_property PROGRAM.FILE {E:/a_summer_xilinx/catmario_1/catmario_1.runs/impl_1/HDMI_display.bit} [get_hw_devices xc7s15_0]
program_hw_devices [get_hw_devices xc7s15_0]
INFO: [Labtools 27-3164] End of startup status: HIGH
refresh_hw_device [lindex [get_hw_devices xc7s15_0] 0]
INFO: [Labtools 27-1434] Device xc7s15 (JTAG device index = 0) is programmed with a design that has no supported debug core(s) in it.
ERROR: [Labtoolstcl 44-513] HW Target shutdown. Closing target: localhost:3121/xilinx_tcf/Digilent/210512180081
reset_run synth_1
launch_runs impl_1 -jobs 4
[Thu Jul 30 15:49:36 2020] Launched synth_1...
Run output will be captured here: E:/a_summer_xilinx/catmario_1/catmario_1.runs/synth_1/runme.log
[Thu Jul 30 15:49:36 2020] Launched impl_1...
Run output will be captured here: E:/a_summer_xilinx/catmario_1/catmario_1.runs/impl_1/runme.log
close_hw
launch_runs impl_1 -to_step write_bitstream -jobs 4
[Thu Jul 30 15:52:42 2020] Launched impl_1...
Run output will be captured here: E:/a_summer_xilinx/catmario_1/catmario_1.runs/impl_1/runme.log
reset_run synth_1
launch_runs impl_1 -jobs 4
[Thu Jul 30 15:54:28 2020] Launched synth_1...
Run output will be captured here: E:/a_summer_xilinx/catmario_1/catmario_1.runs/synth_1/runme.log
[Thu Jul 30 15:54:28 2020] Launched impl_1...
Run output will be captured here: E:/a_summer_xilinx/catmario_1/catmario_1.runs/impl_1/runme.log
reset_run synth_1
launch_runs impl_1 -jobs 4
[Thu Jul 30 16:01:11 2020] Launched synth_1...
Run output will be captured here: E:/a_summer_xilinx/catmario_1/catmario_1.runs/synth_1/runme.log
[Thu Jul 30 16:01:11 2020] Launched impl_1...
Run output will be captured here: E:/a_summer_xilinx/catmario_1/catmario_1.runs/impl_1/runme.log
launch_runs impl_1 -to_step write_bitstream -jobs 4
[Thu Jul 30 16:03:31 2020] Launched impl_1...
Run output will be captured here: E:/a_summer_xilinx/catmario_1/catmario_1.runs/impl_1/runme.log
open_hw
connect_hw_server
INFO: [Labtools 27-2285] Connecting to hw_server url TCP:localhost:3121
INFO: [Labtools 27-2222] Launching hw_server...
INFO: [Labtools 27-2221] Launch Output:

****** Xilinx hw_server v2018.3
  **** Build date : Dec  7 2018-00:40:27
    ** Copyright 1986-2018 Xilinx, Inc. All Rights Reserved.


open_hw_target
INFO: [Labtoolstcl 44-466] Opening hw_target localhost:3121/xilinx_tcf/Digilent/210512180081
set_property PROGRAM.FILE {E:/a_summer_xilinx/catmario_1/catmario_1.runs/impl_1/HDMI_display.bit} [get_hw_devices xc7s15_0]
current_hw_device [get_hw_devices xc7s15_0]
refresh_hw_device -update_hw_probes false [lindex [get_hw_devices xc7s15_0] 0]
INFO: [Labtools 27-1435] Device xc7s15 (JTAG device index = 0) is not programmed (DONE status = 0).
set_property PROBES.FILE {} [get_hw_devices xc7s15_0]
set_property FULL_PROBES.FILE {} [get_hw_devices xc7s15_0]
set_property PROGRAM.FILE {E:/a_summer_xilinx/catmario_1/catmario_1.runs/impl_1/HDMI_display.bit} [get_hw_devices xc7s15_0]
program_hw_devices [get_hw_devices xc7s15_0]
INFO: [Labtools 27-3164] End of startup status: HIGH
refresh_hw_device [lindex [get_hw_devices xc7s15_0] 0]
INFO: [Labtools 27-1434] Device xc7s15 (JTAG device index = 0) is programmed with a design that has no supported debug core(s) in it.
close_hw
reset_run synth_1
launch_runs impl_1 -jobs 4
[Thu Jul 30 16:14:36 2020] Launched synth_1...
Run output will be captured here: E:/a_summer_xilinx/catmario_1/catmario_1.runs/synth_1/runme.log
[Thu Jul 30 16:14:36 2020] Launched impl_1...
Run output will be captured here: E:/a_summer_xilinx/catmario_1/catmario_1.runs/impl_1/runme.log
launch_runs impl_1 -to_step write_bitstream -jobs 4
[Thu Jul 30 16:16:30 2020] Launched impl_1...
Run output will be captured here: E:/a_summer_xilinx/catmario_1/catmario_1.runs/impl_1/runme.log
open_hw
connect_hw_server
INFO: [Labtools 27-2285] Connecting to hw_server url TCP:localhost:3121
INFO: [Labtools 27-2222] Launching hw_server...
INFO: [Labtools 27-2221] Launch Output:

****** Xilinx hw_server v2018.3
  **** Build date : Dec  7 2018-00:40:27
    ** Copyright 1986-2018 Xilinx, Inc. All Rights Reserved.


open_hw_target
INFO: [Labtoolstcl 44-466] Opening hw_target localhost:3121/xilinx_tcf/Digilent/210512180081
set_property PROGRAM.FILE {E:/a_summer_xilinx/catmario_1/catmario_1.runs/impl_1/HDMI_display.bit} [get_hw_devices xc7s15_0]
current_hw_device [get_hw_devices xc7s15_0]
refresh_hw_device -update_hw_probes false [lindex [get_hw_devices xc7s15_0] 0]
INFO: [Labtools 27-1435] Device xc7s15 (JTAG device index = 0) is not programmed (DONE status = 0).
set_property PROBES.FILE {} [get_hw_devices xc7s15_0]
set_property FULL_PROBES.FILE {} [get_hw_devices xc7s15_0]
set_property PROGRAM.FILE {E:/a_summer_xilinx/catmario_1/catmario_1.runs/impl_1/HDMI_display.bit} [get_hw_devices xc7s15_0]
program_hw_devices [get_hw_devices xc7s15_0]
INFO: [Labtools 27-3164] End of startup status: HIGH
refresh_hw_device [lindex [get_hw_devices xc7s15_0] 0]
INFO: [Labtools 27-1434] Device xc7s15 (JTAG device index = 0) is programmed with a design that has no supported debug core(s) in it.
close_hw
reset_run synth_1
launch_runs impl_1 -jobs 4
[Thu Jul 30 16:21:10 2020] Launched synth_1...
Run output will be captured here: E:/a_summer_xilinx/catmario_1/catmario_1.runs/synth_1/runme.log
[Thu Jul 30 16:21:10 2020] Launched impl_1...
Run output will be captured here: E:/a_summer_xilinx/catmario_1/catmario_1.runs/impl_1/runme.log
launch_runs impl_1 -to_step write_bitstream -jobs 4
[Thu Jul 30 16:23:09 2020] Launched impl_1...
Run output will be captured here: E:/a_summer_xilinx/catmario_1/catmario_1.runs/impl_1/runme.log
open_hw
connect_hw_server
INFO: [Labtools 27-2285] Connecting to hw_server url TCP:localhost:3121
INFO: [Labtools 27-2222] Launching hw_server...
INFO: [Labtools 27-2221] Launch Output:

****** Xilinx hw_server v2018.3
  **** Build date : Dec  7 2018-00:40:27
    ** Copyright 1986-2018 Xilinx, Inc. All Rights Reserved.


open_hw_target
INFO: [Labtoolstcl 44-466] Opening hw_target localhost:3121/xilinx_tcf/Digilent/210512180081
set_property PROGRAM.FILE {E:/a_summer_xilinx/catmario_1/catmario_1.runs/impl_1/HDMI_display.bit} [get_hw_devices xc7s15_0]
current_hw_device [get_hw_devices xc7s15_0]
refresh_hw_device -update_hw_probes false [lindex [get_hw_devices xc7s15_0] 0]
INFO: [Labtools 27-1435] Device xc7s15 (JTAG device index = 0) is not programmed (DONE status = 0).
set_property PROBES.FILE {} [get_hw_devices xc7s15_0]
set_property FULL_PROBES.FILE {} [get_hw_devices xc7s15_0]
set_property PROGRAM.FILE {E:/a_summer_xilinx/catmario_1/catmario_1.runs/impl_1/HDMI_display.bit} [get_hw_devices xc7s15_0]
program_hw_devices [get_hw_devices xc7s15_0]
INFO: [Labtools 27-3164] End of startup status: HIGH
refresh_hw_device [lindex [get_hw_devices xc7s15_0] 0]
INFO: [Labtools 27-1434] Device xc7s15 (JTAG device index = 0) is programmed with a design that has no supported debug core(s) in it.
close_hw
reset_run synth_1
launch_runs impl_1 -jobs 4
[Thu Jul 30 16:31:01 2020] Launched synth_1...
Run output will be captured here: E:/a_summer_xilinx/catmario_1/catmario_1.runs/synth_1/runme.log
[Thu Jul 30 16:31:01 2020] Launched impl_1...
Run output will be captured here: E:/a_summer_xilinx/catmario_1/catmario_1.runs/impl_1/runme.log
launch_runs impl_1 -to_step write_bitstream -jobs 4
[Thu Jul 30 16:32:57 2020] Launched impl_1...
Run output will be captured here: E:/a_summer_xilinx/catmario_1/catmario_1.runs/impl_1/runme.log
open_hw
connect_hw_server
INFO: [Labtools 27-2285] Connecting to hw_server url TCP:localhost:3121
INFO: [Labtools 27-2222] Launching hw_server...
INFO: [Labtools 27-2221] Launch Output:

****** Xilinx hw_server v2018.3
  **** Build date : Dec  7 2018-00:40:27
    ** Copyright 1986-2018 Xilinx, Inc. All Rights Reserved.


open_hw_target
INFO: [Labtoolstcl 44-466] Opening hw_target localhost:3121/xilinx_tcf/Digilent/210512180081
set_property PROGRAM.FILE {E:/a_summer_xilinx/catmario_1/catmario_1.runs/impl_1/HDMI_display.bit} [get_hw_devices xc7s15_0]
current_hw_device [get_hw_devices xc7s15_0]
refresh_hw_device -update_hw_probes false [lindex [get_hw_devices xc7s15_0] 0]
INFO: [Labtools 27-1435] Device xc7s15 (JTAG device index = 0) is not programmed (DONE status = 0).
set_property PROBES.FILE {} [get_hw_devices xc7s15_0]
set_property FULL_PROBES.FILE {} [get_hw_devices xc7s15_0]
set_property PROGRAM.FILE {E:/a_summer_xilinx/catmario_1/catmario_1.runs/impl_1/HDMI_display.bit} [get_hw_devices xc7s15_0]
program_hw_devices [get_hw_devices xc7s15_0]
INFO: [Labtools 27-3164] End of startup status: HIGH
refresh_hw_device [lindex [get_hw_devices xc7s15_0] 0]
INFO: [Labtools 27-1434] Device xc7s15 (JTAG device index = 0) is programmed with a design that has no supported debug core(s) in it.
close_hw
reset_run synth_1
launch_runs impl_1 -jobs 4
[Thu Jul 30 16:37:08 2020] Launched synth_1...
Run output will be captured here: E:/a_summer_xilinx/catmario_1/catmario_1.runs/synth_1/runme.log
[Thu Jul 30 16:37:08 2020] Launched impl_1...
Run output will be captured here: E:/a_summer_xilinx/catmario_1/catmario_1.runs/impl_1/runme.log
launch_runs impl_1 -to_step write_bitstream -jobs 4
[Thu Jul 30 16:39:25 2020] Launched impl_1...
Run output will be captured here: E:/a_summer_xilinx/catmario_1/catmario_1.runs/impl_1/runme.log
open_hw
connect_hw_server
INFO: [Labtools 27-2285] Connecting to hw_server url TCP:localhost:3121
INFO: [Labtools 27-2222] Launching hw_server...
INFO: [Labtools 27-2221] Launch Output:

****** Xilinx hw_server v2018.3
  **** Build date : Dec  7 2018-00:40:27
    ** Copyright 1986-2018 Xilinx, Inc. All Rights Reserved.


open_hw_target
INFO: [Labtoolstcl 44-466] Opening hw_target localhost:3121/xilinx_tcf/Digilent/210512180081
set_property PROGRAM.FILE {E:/a_summer_xilinx/catmario_1/catmario_1.runs/impl_1/HDMI_display.bit} [get_hw_devices xc7s15_0]
current_hw_device [get_hw_devices xc7s15_0]
refresh_hw_device -update_hw_probes false [lindex [get_hw_devices xc7s15_0] 0]
INFO: [Labtools 27-1435] Device xc7s15 (JTAG device index = 0) is not programmed (DONE status = 0).
set_property PROBES.FILE {} [get_hw_devices xc7s15_0]
set_property FULL_PROBES.FILE {} [get_hw_devices xc7s15_0]
set_property PROGRAM.FILE {E:/a_summer_xilinx/catmario_1/catmario_1.runs/impl_1/HDMI_display.bit} [get_hw_devices xc7s15_0]
program_hw_devices [get_hw_devices xc7s15_0]
INFO: [Labtools 27-3164] End of startup status: HIGH
refresh_hw_device [lindex [get_hw_devices xc7s15_0] 0]
INFO: [Labtools 27-1434] Device xc7s15 (JTAG device index = 0) is programmed with a design that has no supported debug core(s) in it.
close_hw
reset_run synth_1
launch_runs impl_1 -jobs 4
[Thu Jul 30 16:45:44 2020] Launched synth_1...
Run output will be captured here: E:/a_summer_xilinx/catmario_1/catmario_1.runs/synth_1/runme.log
[Thu Jul 30 16:45:44 2020] Launched impl_1...
Run output will be captured here: E:/a_summer_xilinx/catmario_1/catmario_1.runs/impl_1/runme.log
launch_runs impl_1 -to_step write_bitstream -jobs 4
[Thu Jul 30 16:48:06 2020] Launched impl_1...
Run output will be captured here: E:/a_summer_xilinx/catmario_1/catmario_1.runs/impl_1/runme.log
open_hw
connect_hw_server
INFO: [Labtools 27-2285] Connecting to hw_server url TCP:localhost:3121
INFO: [Labtools 27-2222] Launching hw_server...
INFO: [Labtools 27-2221] Launch Output:

****** Xilinx hw_server v2018.3
  **** Build date : Dec  7 2018-00:40:27
    ** Copyright 1986-2018 Xilinx, Inc. All Rights Reserved.


open_hw_target
INFO: [Labtoolstcl 44-466] Opening hw_target localhost:3121/xilinx_tcf/Digilent/210512180081
set_property PROGRAM.FILE {E:/a_summer_xilinx/catmario_1/catmario_1.runs/impl_1/HDMI_display.bit} [get_hw_devices xc7s15_0]
current_hw_device [get_hw_devices xc7s15_0]
refresh_hw_device -update_hw_probes false [lindex [get_hw_devices xc7s15_0] 0]
INFO: [Labtools 27-1435] Device xc7s15 (JTAG device index = 0) is not programmed (DONE status = 0).
set_property PROBES.FILE {} [get_hw_devices xc7s15_0]
set_property FULL_PROBES.FILE {} [get_hw_devices xc7s15_0]
set_property PROGRAM.FILE {E:/a_summer_xilinx/catmario_1/catmario_1.runs/impl_1/HDMI_display.bit} [get_hw_devices xc7s15_0]
program_hw_devices [get_hw_devices xc7s15_0]
INFO: [Labtools 27-3164] End of startup status: HIGH
refresh_hw_device [lindex [get_hw_devices xc7s15_0] 0]
INFO: [Labtools 27-1434] Device xc7s15 (JTAG device index = 0) is programmed with a design that has no supported debug core(s) in it.
close_hw
open_hw
connect_hw_server
INFO: [Labtools 27-2285] Connecting to hw_server url TCP:localhost:3121
INFO: [Labtools 27-2222] Launching hw_server...
INFO: [Labtools 27-2221] Launch Output:

****** Xilinx hw_server v2018.3
  **** Build date : Dec  7 2018-00:40:27
    ** Copyright 1986-2018 Xilinx, Inc. All Rights Reserved.


open_hw_target
INFO: [Labtoolstcl 44-466] Opening hw_target localhost:3121/xilinx_tcf/Digilent/210512180081
set_property PROGRAM.FILE {E:/a_summer_xilinx/catmario_1/catmario_1.runs/impl_1/HDMI_display.bit} [get_hw_devices xc7s15_0]
current_hw_device [get_hw_devices xc7s15_0]
refresh_hw_device -update_hw_probes false [lindex [get_hw_devices xc7s15_0] 0]
INFO: [Labtools 27-1435] Device xc7s15 (JTAG device index = 0) is not programmed (DONE status = 0).
set_property PROBES.FILE {} [get_hw_devices xc7s15_0]
set_property FULL_PROBES.FILE {} [get_hw_devices xc7s15_0]
set_property PROGRAM.FILE {E:/a_summer_xilinx/catmario_1/catmario_1.runs/impl_1/HDMI_display.bit} [get_hw_devices xc7s15_0]
program_hw_devices [get_hw_devices xc7s15_0]
INFO: [Labtools 27-3164] End of startup status: HIGH
refresh_hw_device [lindex [get_hw_devices xc7s15_0] 0]
INFO: [Labtools 27-1434] Device xc7s15 (JTAG device index = 0) is programmed with a design that has no supported debug core(s) in it.
close_hw
reset_run synth_1
launch_runs impl_1 -jobs 4
[Thu Jul 30 16:58:29 2020] Launched synth_1...
Run output will be captured here: E:/a_summer_xilinx/catmario_1/catmario_1.runs/synth_1/runme.log
[Thu Jul 30 16:58:29 2020] Launched impl_1...
Run output will be captured here: E:/a_summer_xilinx/catmario_1/catmario_1.runs/impl_1/runme.log
launch_runs impl_1 -to_step write_bitstream -jobs 4
[Thu Jul 30 17:00:23 2020] Launched impl_1...
Run output will be captured here: E:/a_summer_xilinx/catmario_1/catmario_1.runs/impl_1/runme.log
open_hw
connect_hw_server
INFO: [Labtools 27-2285] Connecting to hw_server url TCP:localhost:3121
INFO: [Labtools 27-2222] Launching hw_server...
INFO: [Labtools 27-2221] Launch Output:

****** Xilinx hw_server v2018.3
  **** Build date : Dec  7 2018-00:40:27
    ** Copyright 1986-2018 Xilinx, Inc. All Rights Reserved.


open_hw_target
INFO: [Labtoolstcl 44-466] Opening hw_target localhost:3121/xilinx_tcf/Digilent/210512180081
set_property PROGRAM.FILE {E:/a_summer_xilinx/catmario_1/catmario_1.runs/impl_1/HDMI_display.bit} [get_hw_devices xc7s15_0]
current_hw_device [get_hw_devices xc7s15_0]
refresh_hw_device -update_hw_probes false [lindex [get_hw_devices xc7s15_0] 0]
INFO: [Labtools 27-1435] Device xc7s15 (JTAG device index = 0) is not programmed (DONE status = 0).
set_property PROBES.FILE {} [get_hw_devices xc7s15_0]
set_property FULL_PROBES.FILE {} [get_hw_devices xc7s15_0]
set_property PROGRAM.FILE {E:/a_summer_xilinx/catmario_1/catmario_1.runs/impl_1/HDMI_display.bit} [get_hw_devices xc7s15_0]
program_hw_devices [get_hw_devices xc7s15_0]
INFO: [Labtools 27-3164] End of startup status: HIGH
refresh_hw_device [lindex [get_hw_devices xc7s15_0] 0]
INFO: [Labtools 27-1434] Device xc7s15 (JTAG device index = 0) is programmed with a design that has no supported debug core(s) in it.
close_hw
reset_run synth_1
launch_runs impl_1 -jobs 4
[Thu Jul 30 17:05:25 2020] Launched synth_1...
Run output will be captured here: E:/a_summer_xilinx/catmario_1/catmario_1.runs/synth_1/runme.log
[Thu Jul 30 17:05:25 2020] Launched impl_1...
Run output will be captured here: E:/a_summer_xilinx/catmario_1/catmario_1.runs/impl_1/runme.log
launch_runs impl_1 -to_step write_bitstream -jobs 4
[Thu Jul 30 17:07:23 2020] Launched impl_1...
Run output will be captured here: E:/a_summer_xilinx/catmario_1/catmario_1.runs/impl_1/runme.log
open_hw
connect_hw_server
INFO: [Labtools 27-2285] Connecting to hw_server url TCP:localhost:3121
INFO: [Labtools 27-2222] Launching hw_server...
INFO: [Labtools 27-2221] Launch Output:

****** Xilinx hw_server v2018.3
  **** Build date : Dec  7 2018-00:40:27
    ** Copyright 1986-2018 Xilinx, Inc. All Rights Reserved.


open_hw_target
INFO: [Labtoolstcl 44-466] Opening hw_target localhost:3121/xilinx_tcf/Digilent/210512180081
set_property PROGRAM.FILE {E:/a_summer_xilinx/catmario_1/catmario_1.runs/impl_1/HDMI_display.bit} [get_hw_devices xc7s15_0]
current_hw_device [get_hw_devices xc7s15_0]
refresh_hw_device -update_hw_probes false [lindex [get_hw_devices xc7s15_0] 0]
INFO: [Labtools 27-1435] Device xc7s15 (JTAG device index = 0) is not programmed (DONE status = 0).
set_property PROBES.FILE {} [get_hw_devices xc7s15_0]
set_property FULL_PROBES.FILE {} [get_hw_devices xc7s15_0]
set_property PROGRAM.FILE {E:/a_summer_xilinx/catmario_1/catmario_1.runs/impl_1/HDMI_display.bit} [get_hw_devices xc7s15_0]
program_hw_devices [get_hw_devices xc7s15_0]
INFO: [Labtools 27-3164] End of startup status: HIGH
refresh_hw_device [lindex [get_hw_devices xc7s15_0] 0]
INFO: [Labtools 27-1434] Device xc7s15 (JTAG device index = 0) is programmed with a design that has no supported debug core(s) in it.
close_hw
reset_run synth_1
launch_runs impl_1 -jobs 4
[Thu Jul 30 17:26:42 2020] Launched synth_1...
Run output will be captured here: E:/a_summer_xilinx/catmario_1/catmario_1.runs/synth_1/runme.log
[Thu Jul 30 17:26:42 2020] Launched impl_1...
Run output will be captured here: E:/a_summer_xilinx/catmario_1/catmario_1.runs/impl_1/runme.log
launch_runs impl_1 -to_step write_bitstream -jobs 4
[Thu Jul 30 17:29:57 2020] Launched impl_1...
Run output will be captured here: E:/a_summer_xilinx/catmario_1/catmario_1.runs/impl_1/runme.log
reset_run synth_1
launch_runs impl_1 -jobs 4
[Thu Jul 30 17:32:21 2020] Launched synth_1...
Run output will be captured here: E:/a_summer_xilinx/catmario_1/catmario_1.runs/synth_1/runme.log
[Thu Jul 30 17:32:21 2020] Launched impl_1...
Run output will be captured here: E:/a_summer_xilinx/catmario_1/catmario_1.runs/impl_1/runme.log
launch_runs impl_1 -to_step write_bitstream -jobs 4
[Thu Jul 30 17:34:27 2020] Launched impl_1...
Run output will be captured here: E:/a_summer_xilinx/catmario_1/catmario_1.runs/impl_1/runme.log
open_hw
connect_hw_server
INFO: [Labtools 27-2285] Connecting to hw_server url TCP:localhost:3121
INFO: [Labtools 27-2222] Launching hw_server...
INFO: [Labtools 27-2221] Launch Output:

****** Xilinx hw_server v2018.3
  **** Build date : Dec  7 2018-00:40:27
    ** Copyright 1986-2018 Xilinx, Inc. All Rights Reserved.


open_hw_target
INFO: [Labtoolstcl 44-466] Opening hw_target localhost:3121/xilinx_tcf/Digilent/210512180081
set_property PROGRAM.FILE {E:/a_summer_xilinx/catmario_1/catmario_1.runs/impl_1/HDMI_display.bit} [get_hw_devices xc7s15_0]
current_hw_device [get_hw_devices xc7s15_0]
refresh_hw_device -update_hw_probes false [lindex [get_hw_devices xc7s15_0] 0]
INFO: [Labtools 27-1435] Device xc7s15 (JTAG device index = 0) is not programmed (DONE status = 0).
set_property PROBES.FILE {} [get_hw_devices xc7s15_0]
set_property FULL_PROBES.FILE {} [get_hw_devices xc7s15_0]
set_property PROGRAM.FILE {E:/a_summer_xilinx/catmario_1/catmario_1.runs/impl_1/HDMI_display.bit} [get_hw_devices xc7s15_0]
program_hw_devices [get_hw_devices xc7s15_0]
INFO: [Labtools 27-3164] End of startup status: HIGH
refresh_hw_device [lindex [get_hw_devices xc7s15_0] 0]
INFO: [Labtools 27-1434] Device xc7s15 (JTAG device index = 0) is programmed with a design that has no supported debug core(s) in it.
close_hw
reset_run synth_1
launch_runs impl_1 -jobs 4
[Thu Jul 30 17:37:10 2020] Launched synth_1...
Run output will be captured here: E:/a_summer_xilinx/catmario_1/catmario_1.runs/synth_1/runme.log
[Thu Jul 30 17:37:10 2020] Launched impl_1...
Run output will be captured here: E:/a_summer_xilinx/catmario_1/catmario_1.runs/impl_1/runme.log
launch_runs impl_1 -to_step write_bitstream -jobs 4
[Thu Jul 30 17:39:23 2020] Launched impl_1...
Run output will be captured here: E:/a_summer_xilinx/catmario_1/catmario_1.runs/impl_1/runme.log
open_hw
connect_hw_server
INFO: [Labtools 27-2285] Connecting to hw_server url TCP:localhost:3121
INFO: [Labtools 27-2222] Launching hw_server...
INFO: [Labtools 27-2221] Launch Output:

****** Xilinx hw_server v2018.3
  **** Build date : Dec  7 2018-00:40:27
    ** Copyright 1986-2018 Xilinx, Inc. All Rights Reserved.


open_hw_target
INFO: [Labtoolstcl 44-466] Opening hw_target localhost:3121/xilinx_tcf/Digilent/210512180081
set_property PROGRAM.FILE {E:/a_summer_xilinx/catmario_1/catmario_1.runs/impl_1/HDMI_display.bit} [get_hw_devices xc7s15_0]
current_hw_device [get_hw_devices xc7s15_0]
refresh_hw_device -update_hw_probes false [lindex [get_hw_devices xc7s15_0] 0]
INFO: [Labtools 27-1435] Device xc7s15 (JTAG device index = 0) is not programmed (DONE status = 0).
set_property PROBES.FILE {} [get_hw_devices xc7s15_0]
set_property FULL_PROBES.FILE {} [get_hw_devices xc7s15_0]
set_property PROGRAM.FILE {E:/a_summer_xilinx/catmario_1/catmario_1.runs/impl_1/HDMI_display.bit} [get_hw_devices xc7s15_0]
program_hw_devices [get_hw_devices xc7s15_0]
INFO: [Labtools 27-3164] End of startup status: HIGH
refresh_hw_device [lindex [get_hw_devices xc7s15_0] 0]
INFO: [Labtools 27-1434] Device xc7s15 (JTAG device index = 0) is programmed with a design that has no supported debug core(s) in it.
close_hw
reset_run synth_1
launch_runs impl_1 -jobs 4
[Thu Jul 30 17:45:25 2020] Launched synth_1...
Run output will be captured here: E:/a_summer_xilinx/catmario_1/catmario_1.runs/synth_1/runme.log
[Thu Jul 30 17:45:25 2020] Launched impl_1...
Run output will be captured here: E:/a_summer_xilinx/catmario_1/catmario_1.runs/impl_1/runme.log
launch_runs impl_1 -to_step write_bitstream -jobs 4
[Thu Jul 30 17:47:52 2020] Launched impl_1...
Run output will be captured here: E:/a_summer_xilinx/catmario_1/catmario_1.runs/impl_1/runme.log
open_hw
connect_hw_server
INFO: [Labtools 27-2285] Connecting to hw_server url TCP:localhost:3121
INFO: [Labtools 27-2222] Launching hw_server...
INFO: [Labtools 27-2221] Launch Output:

****** Xilinx hw_server v2018.3
  **** Build date : Dec  7 2018-00:40:27
    ** Copyright 1986-2018 Xilinx, Inc. All Rights Reserved.


open_hw_target
INFO: [Labtoolstcl 44-466] Opening hw_target localhost:3121/xilinx_tcf/Digilent/210512180081
set_property PROGRAM.FILE {E:/a_summer_xilinx/catmario_1/catmario_1.runs/impl_1/HDMI_display.bit} [get_hw_devices xc7s15_0]
current_hw_device [get_hw_devices xc7s15_0]
refresh_hw_device -update_hw_probes false [lindex [get_hw_devices xc7s15_0] 0]
INFO: [Labtools 27-1435] Device xc7s15 (JTAG device index = 0) is not programmed (DONE status = 0).
set_property PROBES.FILE {} [get_hw_devices xc7s15_0]
set_property FULL_PROBES.FILE {} [get_hw_devices xc7s15_0]
set_property PROGRAM.FILE {E:/a_summer_xilinx/catmario_1/catmario_1.runs/impl_1/HDMI_display.bit} [get_hw_devices xc7s15_0]
program_hw_devices [get_hw_devices xc7s15_0]
INFO: [Labtools 27-3164] End of startup status: HIGH
refresh_hw_device [lindex [get_hw_devices xc7s15_0] 0]
INFO: [Labtools 27-1434] Device xc7s15 (JTAG device index = 0) is programmed with a design that has no supported debug core(s) in it.
close_hw
reset_run synth_1
launch_runs impl_1 -jobs 4
[Thu Jul 30 17:54:09 2020] Launched synth_1...
Run output will be captured here: E:/a_summer_xilinx/catmario_1/catmario_1.runs/synth_1/runme.log
[Thu Jul 30 17:54:09 2020] Launched impl_1...
Run output will be captured here: E:/a_summer_xilinx/catmario_1/catmario_1.runs/impl_1/runme.log
launch_runs impl_1 -to_step write_bitstream -jobs 4
[Thu Jul 30 17:56:12 2020] Launched impl_1...
Run output will be captured here: E:/a_summer_xilinx/catmario_1/catmario_1.runs/impl_1/runme.log
open_hw
connect_hw_server
INFO: [Labtools 27-2285] Connecting to hw_server url TCP:localhost:3121
INFO: [Labtools 27-2222] Launching hw_server...
INFO: [Labtools 27-2221] Launch Output:

****** Xilinx hw_server v2018.3
  **** Build date : Dec  7 2018-00:40:27
    ** Copyright 1986-2018 Xilinx, Inc. All Rights Reserved.


open_hw_target
INFO: [Labtoolstcl 44-466] Opening hw_target localhost:3121/xilinx_tcf/Digilent/210512180081
set_property PROGRAM.FILE {E:/a_summer_xilinx/catmario_1/catmario_1.runs/impl_1/HDMI_display.bit} [get_hw_devices xc7s15_0]
current_hw_device [get_hw_devices xc7s15_0]
refresh_hw_device -update_hw_probes false [lindex [get_hw_devices xc7s15_0] 0]
INFO: [Labtools 27-1435] Device xc7s15 (JTAG device index = 0) is not programmed (DONE status = 0).
set_property PROBES.FILE {} [get_hw_devices xc7s15_0]
set_property FULL_PROBES.FILE {} [get_hw_devices xc7s15_0]
set_property PROGRAM.FILE {E:/a_summer_xilinx/catmario_1/catmario_1.runs/impl_1/HDMI_display.bit} [get_hw_devices xc7s15_0]
program_hw_devices [get_hw_devices xc7s15_0]
INFO: [Labtools 27-3164] End of startup status: HIGH
refresh_hw_device [lindex [get_hw_devices xc7s15_0] 0]
INFO: [Labtools 27-1434] Device xc7s15 (JTAG device index = 0) is programmed with a design that has no supported debug core(s) in it.
close_hw
reset_run synth_1
launch_runs impl_1 -jobs 4
[Thu Jul 30 18:04:39 2020] Launched synth_1...
Run output will be captured here: E:/a_summer_xilinx/catmario_1/catmario_1.runs/synth_1/runme.log
[Thu Jul 30 18:04:39 2020] Launched impl_1...
Run output will be captured here: E:/a_summer_xilinx/catmario_1/catmario_1.runs/impl_1/runme.log
launch_runs impl_1 -to_step write_bitstream -jobs 4
[Thu Jul 30 18:07:04 2020] Launched impl_1...
Run output will be captured here: E:/a_summer_xilinx/catmario_1/catmario_1.runs/impl_1/runme.log
open_hw
connect_hw_server
INFO: [Labtools 27-2285] Connecting to hw_server url TCP:localhost:3121
INFO: [Labtools 27-2222] Launching hw_server...
INFO: [Labtools 27-2221] Launch Output:

****** Xilinx hw_server v2018.3
  **** Build date : Dec  7 2018-00:40:27
    ** Copyright 1986-2018 Xilinx, Inc. All Rights Reserved.


open_hw_target
INFO: [Labtoolstcl 44-466] Opening hw_target localhost:3121/xilinx_tcf/Digilent/210512180081
set_property PROGRAM.FILE {E:/a_summer_xilinx/catmario_1/catmario_1.runs/impl_1/HDMI_display.bit} [get_hw_devices xc7s15_0]
current_hw_device [get_hw_devices xc7s15_0]
refresh_hw_device -update_hw_probes false [lindex [get_hw_devices xc7s15_0] 0]
INFO: [Labtools 27-1435] Device xc7s15 (JTAG device index = 0) is not programmed (DONE status = 0).
set_property PROBES.FILE {} [get_hw_devices xc7s15_0]
set_property FULL_PROBES.FILE {} [get_hw_devices xc7s15_0]
set_property PROGRAM.FILE {E:/a_summer_xilinx/catmario_1/catmario_1.runs/impl_1/HDMI_display.bit} [get_hw_devices xc7s15_0]
program_hw_devices [get_hw_devices xc7s15_0]
INFO: [Labtools 27-3164] End of startup status: HIGH
refresh_hw_device [lindex [get_hw_devices xc7s15_0] 0]
INFO: [Labtools 27-1434] Device xc7s15 (JTAG device index = 0) is programmed with a design that has no supported debug core(s) in it.
close_hw
reset_run synth_1
launch_runs impl_1 -jobs 4
[Thu Jul 30 18:19:07 2020] Launched synth_1...
Run output will be captured here: E:/a_summer_xilinx/catmario_1/catmario_1.runs/synth_1/runme.log
[Thu Jul 30 18:19:07 2020] Launched impl_1...
Run output will be captured here: E:/a_summer_xilinx/catmario_1/catmario_1.runs/impl_1/runme.log
launch_runs impl_1 -to_step write_bitstream -jobs 4
[Thu Jul 30 18:21:11 2020] Launched impl_1...
Run output will be captured here: E:/a_summer_xilinx/catmario_1/catmario_1.runs/impl_1/runme.log
open_hw
connect_hw_server
INFO: [Labtools 27-2285] Connecting to hw_server url TCP:localhost:3121
INFO: [Labtools 27-2222] Launching hw_server...
INFO: [Labtools 27-2221] Launch Output:

****** Xilinx hw_server v2018.3
  **** Build date : Dec  7 2018-00:40:27
    ** Copyright 1986-2018 Xilinx, Inc. All Rights Reserved.


open_hw_target
INFO: [Labtoolstcl 44-466] Opening hw_target localhost:3121/xilinx_tcf/Digilent/210512180081
set_property PROGRAM.FILE {E:/a_summer_xilinx/catmario_1/catmario_1.runs/impl_1/HDMI_display.bit} [get_hw_devices xc7s15_0]
current_hw_device [get_hw_devices xc7s15_0]
refresh_hw_device -update_hw_probes false [lindex [get_hw_devices xc7s15_0] 0]
INFO: [Labtools 27-1435] Device xc7s15 (JTAG device index = 0) is not programmed (DONE status = 0).
set_property PROBES.FILE {} [get_hw_devices xc7s15_0]
set_property FULL_PROBES.FILE {} [get_hw_devices xc7s15_0]
set_property PROGRAM.FILE {E:/a_summer_xilinx/catmario_1/catmario_1.runs/impl_1/HDMI_display.bit} [get_hw_devices xc7s15_0]
program_hw_devices [get_hw_devices xc7s15_0]
INFO: [Labtools 27-3164] End of startup status: HIGH
refresh_hw_device [lindex [get_hw_devices xc7s15_0] 0]
INFO: [Labtools 27-1434] Device xc7s15 (JTAG device index = 0) is programmed with a design that has no supported debug core(s) in it.
close_hw
reset_run synth_1
launch_runs impl_1 -jobs 4
[Thu Jul 30 18:26:11 2020] Launched synth_1...
Run output will be captured here: E:/a_summer_xilinx/catmario_1/catmario_1.runs/synth_1/runme.log
[Thu Jul 30 18:26:11 2020] Launched impl_1...
Run output will be captured here: E:/a_summer_xilinx/catmario_1/catmario_1.runs/impl_1/runme.log
launch_runs impl_1 -to_step write_bitstream -jobs 4
[Thu Jul 30 18:28:14 2020] Launched impl_1...
Run output will be captured here: E:/a_summer_xilinx/catmario_1/catmario_1.runs/impl_1/runme.log
open_hw
connect_hw_server
INFO: [Labtools 27-2285] Connecting to hw_server url TCP:localhost:3121
INFO: [Labtools 27-2222] Launching hw_server...
INFO: [Labtools 27-2221] Launch Output:

****** Xilinx hw_server v2018.3
  **** Build date : Dec  7 2018-00:40:27
    ** Copyright 1986-2018 Xilinx, Inc. All Rights Reserved.


open_hw_target
INFO: [Labtoolstcl 44-466] Opening hw_target localhost:3121/xilinx_tcf/Digilent/210512180081
set_property PROGRAM.FILE {E:/a_summer_xilinx/catmario_1/catmario_1.runs/impl_1/HDMI_display.bit} [get_hw_devices xc7s15_0]
current_hw_device [get_hw_devices xc7s15_0]
refresh_hw_device -update_hw_probes false [lindex [get_hw_devices xc7s15_0] 0]
INFO: [Labtools 27-1435] Device xc7s15 (JTAG device index = 0) is not programmed (DONE status = 0).
set_property PROBES.FILE {} [get_hw_devices xc7s15_0]
set_property FULL_PROBES.FILE {} [get_hw_devices xc7s15_0]
set_property PROGRAM.FILE {E:/a_summer_xilinx/catmario_1/catmario_1.runs/impl_1/HDMI_display.bit} [get_hw_devices xc7s15_0]
program_hw_devices [get_hw_devices xc7s15_0]
INFO: [Labtools 27-3164] End of startup status: HIGH
refresh_hw_device [lindex [get_hw_devices xc7s15_0] 0]
INFO: [Labtools 27-1434] Device xc7s15 (JTAG device index = 0) is programmed with a design that has no supported debug core(s) in it.
close_hw
reset_run synth_1
launch_runs impl_1 -jobs 4
[Thu Jul 30 18:37:56 2020] Launched synth_1...
Run output will be captured here: E:/a_summer_xilinx/catmario_1/catmario_1.runs/synth_1/runme.log
[Thu Jul 30 18:37:56 2020] Launched impl_1...
Run output will be captured here: E:/a_summer_xilinx/catmario_1/catmario_1.runs/impl_1/runme.log
launch_runs impl_1 -to_step write_bitstream -jobs 4
[Thu Jul 30 18:40:15 2020] Launched impl_1...
Run output will be captured here: E:/a_summer_xilinx/catmario_1/catmario_1.runs/impl_1/runme.log
open_hw
connect_hw_server
INFO: [Labtools 27-2285] Connecting to hw_server url TCP:localhost:3121
INFO: [Labtools 27-2222] Launching hw_server...
INFO: [Labtools 27-2221] Launch Output:

****** Xilinx hw_server v2018.3
  **** Build date : Dec  7 2018-00:40:27
    ** Copyright 1986-2018 Xilinx, Inc. All Rights Reserved.


open_hw_target
INFO: [Labtoolstcl 44-466] Opening hw_target localhost:3121/xilinx_tcf/Digilent/210512180081
set_property PROGRAM.FILE {E:/a_summer_xilinx/catmario_1/catmario_1.runs/impl_1/HDMI_display.bit} [get_hw_devices xc7s15_0]
current_hw_device [get_hw_devices xc7s15_0]
refresh_hw_device -update_hw_probes false [lindex [get_hw_devices xc7s15_0] 0]
INFO: [Labtools 27-1435] Device xc7s15 (JTAG device index = 0) is not programmed (DONE status = 0).
set_property PROBES.FILE {} [get_hw_devices xc7s15_0]
set_property FULL_PROBES.FILE {} [get_hw_devices xc7s15_0]
set_property PROGRAM.FILE {E:/a_summer_xilinx/catmario_1/catmario_1.runs/impl_1/HDMI_display.bit} [get_hw_devices xc7s15_0]
program_hw_devices [get_hw_devices xc7s15_0]
INFO: [Labtools 27-3164] End of startup status: HIGH
refresh_hw_device [lindex [get_hw_devices xc7s15_0] 0]
INFO: [Labtools 27-1434] Device xc7s15 (JTAG device index = 0) is programmed with a design that has no supported debug core(s) in it.
close_hw
reset_run synth_1
launch_runs impl_1 -jobs 4
[Thu Jul 30 18:54:57 2020] Launched synth_1...
Run output will be captured here: E:/a_summer_xilinx/catmario_1/catmario_1.runs/synth_1/runme.log
[Thu Jul 30 18:54:57 2020] Launched impl_1...
Run output will be captured here: E:/a_summer_xilinx/catmario_1/catmario_1.runs/impl_1/runme.log
launch_runs impl_1 -to_step write_bitstream -jobs 4
[Thu Jul 30 18:57:09 2020] Launched impl_1...
Run output will be captured here: E:/a_summer_xilinx/catmario_1/catmario_1.runs/impl_1/runme.log
open_hw
connect_hw_server
INFO: [Labtools 27-2285] Connecting to hw_server url TCP:localhost:3121
INFO: [Labtools 27-2222] Launching hw_server...
INFO: [Labtools 27-2221] Launch Output:

****** Xilinx hw_server v2018.3
  **** Build date : Dec  7 2018-00:40:27
    ** Copyright 1986-2018 Xilinx, Inc. All Rights Reserved.


open_hw_target
INFO: [Labtoolstcl 44-466] Opening hw_target localhost:3121/xilinx_tcf/Digilent/210512180081
set_property PROGRAM.FILE {E:/a_summer_xilinx/catmario_1/catmario_1.runs/impl_1/HDMI_display.bit} [get_hw_devices xc7s15_0]
current_hw_device [get_hw_devices xc7s15_0]
refresh_hw_device -update_hw_probes false [lindex [get_hw_devices xc7s15_0] 0]
INFO: [Labtools 27-1435] Device xc7s15 (JTAG device index = 0) is not programmed (DONE status = 0).
set_property PROBES.FILE {} [get_hw_devices xc7s15_0]
set_property FULL_PROBES.FILE {} [get_hw_devices xc7s15_0]
set_property PROGRAM.FILE {E:/a_summer_xilinx/catmario_1/catmario_1.runs/impl_1/HDMI_display.bit} [get_hw_devices xc7s15_0]
program_hw_devices [get_hw_devices xc7s15_0]
INFO: [Labtools 27-3164] End of startup status: HIGH
refresh_hw_device [lindex [get_hw_devices xc7s15_0] 0]
INFO: [Labtools 27-1434] Device xc7s15 (JTAG device index = 0) is programmed with a design that has no supported debug core(s) in it.
close_hw
open_hw
connect_hw_server
INFO: [Labtools 27-2285] Connecting to hw_server url TCP:localhost:3121
INFO: [Labtools 27-2222] Launching hw_server...
INFO: [Labtools 27-2221] Launch Output:

****** Xilinx hw_server v2018.3
  **** Build date : Dec  7 2018-00:40:27
    ** Copyright 1986-2018 Xilinx, Inc. All Rights Reserved.


open_hw_target
INFO: [Labtoolstcl 44-466] Opening hw_target localhost:3121/xilinx_tcf/Digilent/210512180081
ERROR: [Labtools 27-2269] No devices detected on target localhost:3121/xilinx_tcf/Digilent/210512180081.
Check cable connectivity and that the target board is powered up then
use the disconnect_hw_server and connect_hw_server to re-register this hardware target.
ERROR: [Common 17-39] 'open_hw_target' failed due to earlier errors.
reset_run synth_1
launch_runs impl_1 -jobs 4
[Thu Jul 30 19:04:48 2020] Launched synth_1...
Run output will be captured here: E:/a_summer_xilinx/catmario_1/catmario_1.runs/synth_1/runme.log
[Thu Jul 30 19:04:49 2020] Launched impl_1...
Run output will be captured here: E:/a_summer_xilinx/catmario_1/catmario_1.runs/impl_1/runme.log
launch_runs impl_1 -to_step write_bitstream -jobs 4
[Thu Jul 30 19:07:09 2020] Launched impl_1...
Run output will be captured here: E:/a_summer_xilinx/catmario_1/catmario_1.runs/impl_1/runme.log
close_hw
open_hw
connect_hw_server
INFO: [Labtools 27-2285] Connecting to hw_server url TCP:localhost:3121
INFO: [Labtools 27-2222] Launching hw_server...
INFO: [Labtools 27-2221] Launch Output:

****** Xilinx hw_server v2018.3
  **** Build date : Dec  7 2018-00:40:27
    ** Copyright 1986-2018 Xilinx, Inc. All Rights Reserved.


open_hw_target
INFO: [Labtoolstcl 44-466] Opening hw_target localhost:3121/xilinx_tcf/Digilent/210512180081
set_property PROGRAM.FILE {E:/a_summer_xilinx/catmario_1/catmario_1.runs/impl_1/HDMI_display.bit} [get_hw_devices xc7s15_0]
current_hw_device [get_hw_devices xc7s15_0]
refresh_hw_device -update_hw_probes false [lindex [get_hw_devices xc7s15_0] 0]
INFO: [Labtools 27-1435] Device xc7s15 (JTAG device index = 0) is not programmed (DONE status = 0).
set_property PROBES.FILE {} [get_hw_devices xc7s15_0]
set_property FULL_PROBES.FILE {} [get_hw_devices xc7s15_0]
set_property PROGRAM.FILE {E:/a_summer_xilinx/catmario_1/catmario_1.runs/impl_1/HDMI_display.bit} [get_hw_devices xc7s15_0]
program_hw_devices [get_hw_devices xc7s15_0]
INFO: [Labtools 27-3164] End of startup status: HIGH
refresh_hw_device [lindex [get_hw_devices xc7s15_0] 0]
INFO: [Labtools 27-1434] Device xc7s15 (JTAG device index = 0) is programmed with a design that has no supported debug core(s) in it.
close_hw
reset_run synth_1
launch_runs impl_1 -jobs 4
[Thu Jul 30 19:16:43 2020] Launched synth_1...
Run output will be captured here: E:/a_summer_xilinx/catmario_1/catmario_1.runs/synth_1/runme.log
[Thu Jul 30 19:16:43 2020] Launched impl_1...
Run output will be captured here: E:/a_summer_xilinx/catmario_1/catmario_1.runs/impl_1/runme.log
launch_runs impl_1 -to_step write_bitstream -jobs 4
[Thu Jul 30 19:19:37 2020] Launched impl_1...
Run output will be captured here: E:/a_summer_xilinx/catmario_1/catmario_1.runs/impl_1/runme.log
open_hw
connect_hw_server
INFO: [Labtools 27-2285] Connecting to hw_server url TCP:localhost:3121
INFO: [Labtools 27-2222] Launching hw_server...
INFO: [Labtools 27-2221] Launch Output:

****** Xilinx hw_server v2018.3
  **** Build date : Dec  7 2018-00:40:27
    ** Copyright 1986-2018 Xilinx, Inc. All Rights Reserved.


open_hw_target
INFO: [Labtoolstcl 44-466] Opening hw_target localhost:3121/xilinx_tcf/Digilent/210512180081
set_property PROGRAM.FILE {E:/a_summer_xilinx/catmario_1/catmario_1.runs/impl_1/HDMI_display.bit} [get_hw_devices xc7s15_0]
current_hw_device [get_hw_devices xc7s15_0]
refresh_hw_device -update_hw_probes false [lindex [get_hw_devices xc7s15_0] 0]
INFO: [Labtools 27-1435] Device xc7s15 (JTAG device index = 0) is not programmed (DONE status = 0).
set_property PROBES.FILE {} [get_hw_devices xc7s15_0]
set_property FULL_PROBES.FILE {} [get_hw_devices xc7s15_0]
set_property PROGRAM.FILE {E:/a_summer_xilinx/catmario_1/catmario_1.runs/impl_1/HDMI_display.bit} [get_hw_devices xc7s15_0]
program_hw_devices [get_hw_devices xc7s15_0]
INFO: [Labtools 27-3164] End of startup status: HIGH
refresh_hw_device [lindex [get_hw_devices xc7s15_0] 0]
INFO: [Labtools 27-1434] Device xc7s15 (JTAG device index = 0) is programmed with a design that has no supported debug core(s) in it.
close_hw
exit
INFO: [Common 17-206] Exiting Vivado at Thu Jul 30 19:26:13 2020...
